{"/home/niranjana/backend/src/app.ts": {"path":"/home/niranjana/backend/src/app.ts","statementMap":{"0":{"start":{"line":2,"column":0},"end":{"line":2,"column":67}},"1":{"start":{"line":3,"column":0},"end":{"line":3,"column":54}},"2":{"start":{"line":4,"column":0},"end":{"line":4,"column":62}},"3":{"start":{"line":5,"column":0},"end":{"line":5,"column":37}},"4":{"start":{"line":6,"column":0},"end":{"line":6,"column":45}},"5":{"start":{"line":8,"column":0},"end":{"line":8,"column":60}},"6":{"start":{"line":9,"column":0},"end":{"line":9,"column":58}},"7":{"start":{"line":12,"column":15},"end":{"line":12,"column":24}},"8":{"start":{"line":13,"column":0},"end":{"line":13,"column":30}},"9":{"start":{"line":14,"column":0},"end":{"line":14,"column":29}},"10":{"start":{"line":15,"column":0},"end":{"line":15,"column":41}},"11":{"start":{"line":16,"column":0},"end":{"line":16,"column":44}},"12":{"start":{"line":17,"column":0},"end":{"line":17,"column":28}},"13":{"start":{"line":19,"column":0},"end":{"line":21,"column":3}},"14":{"start":{"line":20,"column":2},"end":{"line":20,"column":36}},"15":{"start":{"line":23,"column":0},"end":{"line":33,"column":5}},"16":{"start":{"line":23,"column":12},"end":{"line":33,"column":2}},"17":{"start":{"line":24,"column":2},"end":{"line":29,"column":3}},"18":{"start":{"line":25,"column":4},"end":{"line":25,"column":34}},"19":{"start":{"line":27,"column":4},"end":{"line":27,"column":56}},"20":{"start":{"line":28,"column":4},"end":{"line":28,"column":20}},"21":{"start":{"line":30,"column":2},"end":{"line":32,"column":5}},"22":{"start":{"line":31,"column":4},"end":{"line":31,"column":50}}},"fnMap":{"0":{"name":"(anonymous_8)","decl":{"start":{"line":19,"column":16},"end":{"line":19,"column":17}},"loc":{"start":{"line":19,"column":57},"end":{"line":21,"column":1}}},"1":{"name":"(anonymous_9)","decl":{"start":{"line":23,"column":1},"end":{"line":23,"column":10}},"loc":{"start":{"line":23,"column":12},"end":{"line":33,"column":2}}},"2":{"name":"(anonymous_10)","decl":{"start":{"line":23,"column":12},"end":{"line":23,"column":null}},"loc":{"start":{"line":23,"column":12},"end":{"line":33,"column":1}}},"3":{"name":"(anonymous_11)","decl":{"start":{"line":30,"column":22},"end":{"line":30,"column":25}},"loc":{"start":{"line":30,"column":27},"end":{"line":32,"column":3}}}},"branchMap":{},"s":{"0":0,"1":0,"2":0,"3":0,"4":0,"5":0,"6":0,"7":0,"8":0,"9":0,"10":0,"11":0,"12":0,"13":0,"14":0,"15":0,"16":0,"17":0,"18":0,"19":0,"20":0,"21":0,"22":0},"f":{"0":0,"1":0,"2":0,"3":0},"b":{}}
,"/home/niranjana/backend/src/controller/department.controller.ts": {"path":"/home/niranjana/backend/src/controller/department.controller.ts","statementMap":{"0":{"start":{"line":1,"column":0},"end":{"line":1,"column":66}},"1":{"start":{"line":2,"column":0},"end":{"line":2,"column":58}},"2":{"start":{"line":5,"column":0},"end":{"line":5,"column":42}},"3":{"start":{"line":6,"column":0},"end":{"line":6,"column":52}},"4":{"start":{"line":7,"column":0},"end":{"line":7,"column":54}},"5":{"start":{"line":8,"column":0},"end":{"line":8,"column":43}},"6":{"start":{"line":9,"column":0},"end":{"line":9,"column":59}},"7":{"start":{"line":14,"column":22},"end":{"line":14,"column":58}},"8":{"start":{"line":23,"column":9},"end":{"line":42,"column":4}},"9":{"start":{"line":27,"column":6},"end":{"line":42,"column":4}},"10":{"start":{"line":28,"column":4},"end":{"line":41,"column":5}},"11":{"start":{"line":29,"column":26},"end":{"line":29,"column":74}},"12":{"start":{"line":30,"column":6},"end":{"line":37,"column":7}},"13":{"start":{"line":31,"column":22},"end":{"line":34,"column":null}},"14":{"start":{"line":36,"column":8},"end":{"line":36,"column":20}},"15":{"start":{"line":38,"column":6},"end":{"line":38,"column":45}},"16":{"start":{"line":40,"column":6},"end":{"line":40,"column":16}},"17":{"start":{"line":44,"column":9},"end":{"line":65,"column":4}},"18":{"start":{"line":48,"column":6},"end":{"line":65,"column":4}},"19":{"start":{"line":49,"column":4},"end":{"line":64,"column":5}},"20":{"start":{"line":50,"column":25},"end":{"line":51,"column":null}},"21":{"start":{"line":53,"column":6},"end":{"line":60,"column":7}},"22":{"start":{"line":54,"column":22},"end":{"line":57,"column":null}},"23":{"start":{"line":59,"column":8},"end":{"line":59,"column":20}},"24":{"start":{"line":61,"column":6},"end":{"line":61,"column":44}},"25":{"start":{"line":63,"column":6},"end":{"line":63,"column":16}},"26":{"start":{"line":69,"column":9},"end":{"line":96,"column":4}},"27":{"start":{"line":73,"column":6},"end":{"line":96,"column":4}},"28":{"start":{"line":74,"column":4},"end":{"line":95,"column":5}},"29":{"start":{"line":75,"column":21},"end":{"line":75,"column":33}},"30":{"start":{"line":76,"column":8},"end":{"line":78,"column":9}},"31":{"start":{"line":77,"column":12},"end":{"line":77,"column":77}},"32":{"start":{"line":79,"column":28},"end":{"line":79,"column":72}},"33":{"start":{"line":80,"column":21},"end":{"line":80,"column":50}},"34":{"start":{"line":81,"column":6},"end":{"line":81,"column":41}},"35":{"start":{"line":82,"column":6},"end":{"line":92,"column":7}},"36":{"start":{"line":83,"column":22},"end":{"line":86,"column":null}},"37":{"start":{"line":88,"column":8},"end":{"line":88,"column":20}},"38":{"start":{"line":90,"column":27},"end":{"line":90,"column":87}},"39":{"start":{"line":91,"column":8},"end":{"line":91,"column":46}},"40":{"start":{"line":94,"column":6},"end":{"line":94,"column":16}},"41":{"start":{"line":99,"column":9},"end":{"line":130,"column":4}},"42":{"start":{"line":103,"column":6},"end":{"line":130,"column":4}},"43":{"start":{"line":104,"column":4},"end":{"line":129,"column":5}},"44":{"start":{"line":105,"column":6},"end":{"line":105,"column":null}},"45":{"start":{"line":106,"column":19},"end":{"line":106,"column":31}},"46":{"start":{"line":107,"column":6},"end":{"line":109,"column":7}},"47":{"start":{"line":108,"column":10},"end":{"line":108,"column":75}},"48":{"start":{"line":110,"column":28},"end":{"line":110,"column":72}},"49":{"start":{"line":111,"column":21},"end":{"line":111,"column":50}},"50":{"start":{"line":112,"column":6},"end":{"line":119,"column":7}},"51":{"start":{"line":113,"column":22},"end":{"line":116,"column":null}},"52":{"start":{"line":118,"column":8},"end":{"line":118,"column":20}},"53":{"start":{"line":121,"column":25},"end":{"line":123,"column":null}},"54":{"start":{"line":125,"column":6},"end":{"line":125,"column":44}},"55":{"start":{"line":127,"column":6},"end":{"line":127,"column":42}},"56":{"start":{"line":128,"column":6},"end":{"line":128,"column":16}},"57":{"start":{"line":132,"column":9},"end":{"line":174,"column":4}},"58":{"start":{"line":136,"column":6},"end":{"line":174,"column":4}},"59":{"start":{"line":137,"column":4},"end":{"line":173,"column":5}},"60":{"start":{"line":138,"column":19},"end":{"line":138,"column":31}},"61":{"start":{"line":139,"column":6},"end":{"line":141,"column":7}},"62":{"start":{"line":140,"column":10},"end":{"line":140,"column":75}},"63":{"start":{"line":142,"column":25},"end":{"line":143,"column":null}},"64":{"start":{"line":145,"column":6},"end":{"line":152,"column":7}},"65":{"start":{"line":146,"column":22},"end":{"line":149,"column":null}},"66":{"start":{"line":151,"column":8},"end":{"line":151,"column":20}},"67":{"start":{"line":153,"column":6},"end":{"line":170,"column":7}},"68":{"start":{"line":154,"column":8},"end":{"line":154,"column":97}},"69":{"start":{"line":155,"column":8},"end":{"line":159,"column":10}},"70":{"start":{"line":166,"column":23},"end":{"line":167,"column":null}},"71":{"start":{"line":169,"column":8},"end":{"line":169,"column":42}},"72":{"start":{"line":172,"column":6},"end":{"line":172,"column":16}},"73":{"start":{"line":176,"column":9},"end":{"line":197,"column":4}},"74":{"start":{"line":180,"column":6},"end":{"line":197,"column":4}},"75":{"start":{"line":181,"column":4},"end":{"line":196,"column":5}},"76":{"start":{"line":182,"column":25},"end":{"line":183,"column":null}},"77":{"start":{"line":185,"column":6},"end":{"line":192,"column":7}},"78":{"start":{"line":186,"column":22},"end":{"line":189,"column":null}},"79":{"start":{"line":191,"column":8},"end":{"line":191,"column":20}},"80":{"start":{"line":193,"column":6},"end":{"line":193,"column":44}},"81":{"start":{"line":195,"column":6},"end":{"line":195,"column":16}},"82":{"start":{"line":15,"column":4},"end":{"line":15,"column":27}},"83":{"start":{"line":16,"column":4},"end":{"line":16,"column":49}},"84":{"start":{"line":17,"column":4},"end":{"line":17,"column":62}},"85":{"start":{"line":18,"column":4},"end":{"line":18,"column":58}},"86":{"start":{"line":19,"column":4},"end":{"line":19,"column":71}},"87":{"start":{"line":20,"column":4},"end":{"line":20,"column":75}},"88":{"start":{"line":11,"column":0},"end":{"line":11,"column":21}}},"fnMap":{"0":{"name":"(anonymous_8)","decl":{"start":{"line":14,"column":2},"end":{"line":14,"column":22}},"loc":{"start":{"line":14,"column":58},"end":{"line":21,"column":3}}},"1":{"name":"(anonymous_9)","decl":{"start":{"line":23,"column":29},"end":{"line":23,"column":null}},"loc":{"start":{"line":27,"column":6},"end":{"line":42,"column":4}}},"2":{"name":"(anonymous_10)","decl":{"start":{"line":27,"column":6},"end":{"line":27,"column":null}},"loc":{"start":{"line":27,"column":6},"end":{"line":42,"column":3}}},"3":{"name":"(anonymous_11)","decl":{"start":{"line":44,"column":29},"end":{"line":44,"column":null}},"loc":{"start":{"line":48,"column":6},"end":{"line":65,"column":4}}},"4":{"name":"(anonymous_12)","decl":{"start":{"line":48,"column":6},"end":{"line":48,"column":null}},"loc":{"start":{"line":48,"column":6},"end":{"line":65,"column":3}}},"5":{"name":"(anonymous_13)","decl":{"start":{"line":69,"column":28},"end":{"line":69,"column":null}},"loc":{"start":{"line":73,"column":6},"end":{"line":96,"column":4}}},"6":{"name":"(anonymous_14)","decl":{"start":{"line":73,"column":6},"end":{"line":73,"column":null}},"loc":{"start":{"line":73,"column":6},"end":{"line":96,"column":3}}},"7":{"name":"(anonymous_15)","decl":{"start":{"line":99,"column":28},"end":{"line":99,"column":null}},"loc":{"start":{"line":103,"column":6},"end":{"line":130,"column":4}}},"8":{"name":"(anonymous_16)","decl":{"start":{"line":103,"column":6},"end":{"line":103,"column":null}},"loc":{"start":{"line":103,"column":6},"end":{"line":130,"column":3}}},"9":{"name":"(anonymous_17)","decl":{"start":{"line":132,"column":28},"end":{"line":132,"column":null}},"loc":{"start":{"line":136,"column":6},"end":{"line":174,"column":4}}},"10":{"name":"(anonymous_18)","decl":{"start":{"line":136,"column":6},"end":{"line":136,"column":null}},"loc":{"start":{"line":136,"column":6},"end":{"line":174,"column":3}}},"11":{"name":"(anonymous_19)","decl":{"start":{"line":176,"column":31},"end":{"line":176,"column":null}},"loc":{"start":{"line":180,"column":6},"end":{"line":197,"column":4}}},"12":{"name":"(anonymous_20)","decl":{"start":{"line":180,"column":6},"end":{"line":180,"column":null}},"loc":{"start":{"line":180,"column":6},"end":{"line":197,"column":3}}}},"branchMap":{"0":{"loc":{"start":{"line":30,"column":6},"end":{"line":37,"column":7}},"type":"if","locations":[{"start":{"line":30,"column":6},"end":{"line":37,"column":7}}]},"1":{"loc":{"start":{"line":53,"column":6},"end":{"line":60,"column":7}},"type":"if","locations":[{"start":{"line":53,"column":6},"end":{"line":60,"column":7}}]},"2":{"loc":{"start":{"line":76,"column":8},"end":{"line":78,"column":9}},"type":"if","locations":[{"start":{"line":76,"column":8},"end":{"line":78,"column":9}}]},"3":{"loc":{"start":{"line":82,"column":6},"end":{"line":92,"column":7}},"type":"if","locations":[{"start":{"line":82,"column":6},"end":{"line":92,"column":7}},{"start":{"line":89,"column":13},"end":{"line":92,"column":7}}]},"4":{"loc":{"start":{"line":107,"column":6},"end":{"line":109,"column":7}},"type":"if","locations":[{"start":{"line":107,"column":6},"end":{"line":109,"column":7}}]},"5":{"loc":{"start":{"line":112,"column":6},"end":{"line":119,"column":7}},"type":"if","locations":[{"start":{"line":112,"column":6},"end":{"line":119,"column":7}}]},"6":{"loc":{"start":{"line":139,"column":6},"end":{"line":141,"column":7}},"type":"if","locations":[{"start":{"line":139,"column":6},"end":{"line":141,"column":7}}]},"7":{"loc":{"start":{"line":145,"column":6},"end":{"line":152,"column":7}},"type":"if","locations":[{"start":{"line":145,"column":6},"end":{"line":152,"column":7}}]},"8":{"loc":{"start":{"line":153,"column":6},"end":{"line":170,"column":7}},"type":"if","locations":[{"start":{"line":153,"column":6},"end":{"line":170,"column":7}},{"start":{"line":162,"column":11},"end":{"line":170,"column":7}}]},"9":{"loc":{"start":{"line":185,"column":6},"end":{"line":192,"column":7}},"type":"if","locations":[{"start":{"line":185,"column":6},"end":{"line":192,"column":7}}]}},"s":{"0":0,"1":0,"2":0,"3":0,"4":0,"5":0,"6":0,"7":0,"8":0,"9":0,"10":0,"11":0,"12":0,"13":0,"14":0,"15":0,"16":0,"17":0,"18":0,"19":0,"20":0,"21":0,"22":0,"23":0,"24":0,"25":0,"26":0,"27":0,"28":0,"29":0,"30":0,"31":0,"32":0,"33":0,"34":0,"35":0,"36":0,"37":0,"38":0,"39":0,"40":0,"41":0,"42":0,"43":0,"44":0,"45":0,"46":0,"47":0,"48":0,"49":0,"50":0,"51":0,"52":0,"53":0,"54":0,"55":0,"56":0,"57":0,"58":0,"59":0,"60":0,"61":0,"62":0,"63":0,"64":0,"65":0,"66":0,"67":0,"68":0,"69":0,"70":0,"71":0,"72":0,"73":0,"74":0,"75":0,"76":0,"77":0,"78":0,"79":0,"80":0,"81":0,"82":0,"83":0,"84":0,"85":0,"86":0,"87":0,"88":0},"f":{"0":0,"1":0,"2":0,"3":0,"4":0,"5":0,"6":0,"7":0,"8":0,"9":0,"10":0,"11":0,"12":0},"b":{"0":[0],"1":[0],"2":[0],"3":[0,0],"4":[0],"5":[0],"6":[0],"7":[0],"8":[0,0],"9":[0]}}
,"/home/niranjana/backend/src/controller/employee.controller.ts": {"path":"/home/niranjana/backend/src/controller/employee.controller.ts","statementMap":{"0":{"start":{"line":1,"column":0},"end":{"line":1,"column":52}},"1":{"start":{"line":6,"column":0},"end":{"line":6,"column":58}},"2":{"start":{"line":7,"column":0},"end":{"line":7,"column":52}},"3":{"start":{"line":8,"column":0},"end":{"line":8,"column":56}},"4":{"start":{"line":9,"column":0},"end":{"line":9,"column":43}},"5":{"start":{"line":10,"column":0},"end":{"line":10,"column":59}},"6":{"start":{"line":12,"column":0},"end":{"line":12,"column":42}},"7":{"start":{"line":19,"column":22},"end":{"line":19,"column":54}},"8":{"start":{"line":29,"column":9},"end":{"line":48,"column":4}},"9":{"start":{"line":33,"column":6},"end":{"line":48,"column":4}},"10":{"start":{"line":34,"column":4},"end":{"line":47,"column":5}},"11":{"start":{"line":35,"column":24},"end":{"line":35,"column":68}},"12":{"start":{"line":36,"column":6},"end":{"line":43,"column":7}},"13":{"start":{"line":37,"column":22},"end":{"line":40,"column":null}},"14":{"start":{"line":42,"column":8},"end":{"line":42,"column":20}},"15":{"start":{"line":44,"column":6},"end":{"line":44,"column":43}},"16":{"start":{"line":46,"column":6},"end":{"line":46,"column":16}},"17":{"start":{"line":50,"column":9},"end":{"line":71,"column":4}},"18":{"start":{"line":54,"column":6},"end":{"line":71,"column":4}},"19":{"start":{"line":55,"column":4},"end":{"line":70,"column":5}},"20":{"start":{"line":56,"column":23},"end":{"line":57,"column":null}},"21":{"start":{"line":59,"column":6},"end":{"line":66,"column":7}},"22":{"start":{"line":60,"column":22},"end":{"line":63,"column":null}},"23":{"start":{"line":65,"column":8},"end":{"line":65,"column":20}},"24":{"start":{"line":67,"column":6},"end":{"line":67,"column":42}},"25":{"start":{"line":69,"column":6},"end":{"line":69,"column":16}},"26":{"start":{"line":73,"column":9},"end":{"line":101,"column":4}},"27":{"start":{"line":77,"column":6},"end":{"line":101,"column":4}},"28":{"start":{"line":78,"column":4},"end":{"line":100,"column":5}},"29":{"start":{"line":79,"column":19},"end":{"line":79,"column":31}},"30":{"start":{"line":80,"column":6},"end":{"line":82,"column":7}},"31":{"start":{"line":81,"column":8},"end":{"line":81,"column":75}},"32":{"start":{"line":83,"column":26},"end":{"line":83,"column":74}},"33":{"start":{"line":84,"column":21},"end":{"line":84,"column":48}},"34":{"start":{"line":85,"column":6},"end":{"line":85,"column":41}},"35":{"start":{"line":86,"column":6},"end":{"line":97,"column":7}},"36":{"start":{"line":87,"column":22},"end":{"line":90,"column":null}},"37":{"start":{"line":92,"column":8},"end":{"line":92,"column":20}},"38":{"start":{"line":94,"column":25},"end":{"line":94,"column":79}},"39":{"start":{"line":96,"column":8},"end":{"line":96,"column":44}},"40":{"start":{"line":99,"column":6},"end":{"line":99,"column":16}},"41":{"start":{"line":103,"column":9},"end":{"line":137,"column":4}},"42":{"start":{"line":107,"column":6},"end":{"line":137,"column":4}},"43":{"start":{"line":108,"column":4},"end":{"line":136,"column":5}},"44":{"start":{"line":109,"column":19},"end":{"line":109,"column":31}},"45":{"start":{"line":110,"column":6},"end":{"line":112,"column":7}},"46":{"start":{"line":111,"column":8},"end":{"line":111,"column":75}},"47":{"start":{"line":113,"column":26},"end":{"line":113,"column":74}},"48":{"start":{"line":114,"column":21},"end":{"line":114,"column":48}},"49":{"start":{"line":115,"column":6},"end":{"line":122,"column":7}},"50":{"start":{"line":116,"column":22},"end":{"line":119,"column":null}},"51":{"start":{"line":121,"column":8},"end":{"line":121,"column":20}},"52":{"start":{"line":124,"column":23},"end":{"line":130,"column":null}},"53":{"start":{"line":132,"column":6},"end":{"line":132,"column":42}},"54":{"start":{"line":134,"column":6},"end":{"line":134,"column":42}},"55":{"start":{"line":135,"column":6},"end":{"line":135,"column":16}},"56":{"start":{"line":139,"column":9},"end":{"line":168,"column":4}},"57":{"start":{"line":143,"column":6},"end":{"line":168,"column":4}},"58":{"start":{"line":144,"column":4},"end":{"line":167,"column":5}},"59":{"start":{"line":145,"column":19},"end":{"line":145,"column":31}},"60":{"start":{"line":146,"column":6},"end":{"line":148,"column":7}},"61":{"start":{"line":147,"column":8},"end":{"line":147,"column":75}},"62":{"start":{"line":149,"column":23},"end":{"line":150,"column":null}},"63":{"start":{"line":152,"column":6},"end":{"line":164,"column":7}},"64":{"start":{"line":153,"column":22},"end":{"line":156,"column":null}},"65":{"start":{"line":158,"column":8},"end":{"line":158,"column":20}},"66":{"start":{"line":160,"column":23},"end":{"line":161,"column":null}},"67":{"start":{"line":163,"column":8},"end":{"line":163,"column":42}},"68":{"start":{"line":166,"column":6},"end":{"line":166,"column":16}},"69":{"start":{"line":170,"column":9},"end":{"line":184,"column":4}},"70":{"start":{"line":174,"column":6},"end":{"line":184,"column":4}},"71":{"start":{"line":175,"column":4},"end":{"line":183,"column":5}},"72":{"start":{"line":176,"column":31},"end":{"line":176,"column":43}},"73":{"start":{"line":178,"column":20},"end":{"line":178,"column":74}},"74":{"start":{"line":179,"column":6},"end":{"line":179,"column":25}},"75":{"start":{"line":180,"column":6},"end":{"line":180,"column":49}},"76":{"start":{"line":182,"column":6},"end":{"line":182,"column":16}},"77":{"start":{"line":20,"column":4},"end":{"line":20,"column":27}},"78":{"start":{"line":21,"column":4},"end":{"line":21,"column":47}},"79":{"start":{"line":22,"column":4},"end":{"line":22,"column":58}},"80":{"start":{"line":23,"column":4},"end":{"line":23,"column":58}},"81":{"start":{"line":24,"column":4},"end":{"line":24,"column":68}},"82":{"start":{"line":25,"column":4},"end":{"line":25,"column":71}},"83":{"start":{"line":26,"column":4},"end":{"line":26,"column":51}},"84":{"start":{"line":187,"column":0},"end":{"line":187,"column":34}}},"fnMap":{"0":{"name":"(anonymous_8)","decl":{"start":{"line":19,"column":2},"end":{"line":19,"column":22}},"loc":{"start":{"line":19,"column":54},"end":{"line":27,"column":3}}},"1":{"name":"(anonymous_9)","decl":{"start":{"line":29,"column":27},"end":{"line":29,"column":null}},"loc":{"start":{"line":33,"column":6},"end":{"line":48,"column":4}}},"2":{"name":"(anonymous_10)","decl":{"start":{"line":33,"column":6},"end":{"line":33,"column":null}},"loc":{"start":{"line":33,"column":6},"end":{"line":48,"column":3}}},"3":{"name":"(anonymous_11)","decl":{"start":{"line":50,"column":27},"end":{"line":50,"column":null}},"loc":{"start":{"line":54,"column":6},"end":{"line":71,"column":4}}},"4":{"name":"(anonymous_12)","decl":{"start":{"line":54,"column":6},"end":{"line":54,"column":null}},"loc":{"start":{"line":54,"column":6},"end":{"line":71,"column":3}}},"5":{"name":"(anonymous_13)","decl":{"start":{"line":73,"column":26},"end":{"line":73,"column":null}},"loc":{"start":{"line":77,"column":6},"end":{"line":101,"column":4}}},"6":{"name":"(anonymous_14)","decl":{"start":{"line":77,"column":6},"end":{"line":77,"column":null}},"loc":{"start":{"line":77,"column":6},"end":{"line":101,"column":3}}},"7":{"name":"(anonymous_15)","decl":{"start":{"line":103,"column":26},"end":{"line":103,"column":null}},"loc":{"start":{"line":107,"column":6},"end":{"line":137,"column":4}}},"8":{"name":"(anonymous_16)","decl":{"start":{"line":107,"column":6},"end":{"line":107,"column":null}},"loc":{"start":{"line":107,"column":6},"end":{"line":137,"column":3}}},"9":{"name":"(anonymous_17)","decl":{"start":{"line":139,"column":26},"end":{"line":139,"column":null}},"loc":{"start":{"line":143,"column":6},"end":{"line":168,"column":4}}},"10":{"name":"(anonymous_18)","decl":{"start":{"line":143,"column":6},"end":{"line":143,"column":null}},"loc":{"start":{"line":143,"column":6},"end":{"line":168,"column":3}}},"11":{"name":"(anonymous_19)","decl":{"start":{"line":170,"column":25},"end":{"line":170,"column":null}},"loc":{"start":{"line":174,"column":6},"end":{"line":184,"column":4}}},"12":{"name":"(anonymous_20)","decl":{"start":{"line":174,"column":6},"end":{"line":174,"column":null}},"loc":{"start":{"line":174,"column":6},"end":{"line":184,"column":3}}}},"branchMap":{"0":{"loc":{"start":{"line":36,"column":6},"end":{"line":43,"column":7}},"type":"if","locations":[{"start":{"line":36,"column":6},"end":{"line":43,"column":7}}]},"1":{"loc":{"start":{"line":59,"column":6},"end":{"line":66,"column":7}},"type":"if","locations":[{"start":{"line":59,"column":6},"end":{"line":66,"column":7}}]},"2":{"loc":{"start":{"line":80,"column":6},"end":{"line":82,"column":7}},"type":"if","locations":[{"start":{"line":80,"column":6},"end":{"line":82,"column":7}}]},"3":{"loc":{"start":{"line":86,"column":6},"end":{"line":97,"column":7}},"type":"if","locations":[{"start":{"line":86,"column":6},"end":{"line":97,"column":7}},{"start":{"line":93,"column":13},"end":{"line":97,"column":7}}]},"4":{"loc":{"start":{"line":110,"column":6},"end":{"line":112,"column":7}},"type":"if","locations":[{"start":{"line":110,"column":6},"end":{"line":112,"column":7}}]},"5":{"loc":{"start":{"line":115,"column":6},"end":{"line":122,"column":7}},"type":"if","locations":[{"start":{"line":115,"column":6},"end":{"line":122,"column":7}}]},"6":{"loc":{"start":{"line":146,"column":6},"end":{"line":148,"column":7}},"type":"if","locations":[{"start":{"line":146,"column":6},"end":{"line":148,"column":7}}]},"7":{"loc":{"start":{"line":152,"column":6},"end":{"line":164,"column":7}},"type":"if","locations":[{"start":{"line":152,"column":6},"end":{"line":164,"column":7}},{"start":{"line":159,"column":13},"end":{"line":164,"column":7}}]}},"s":{"0":0,"1":0,"2":0,"3":0,"4":0,"5":0,"6":0,"7":0,"8":0,"9":0,"10":0,"11":0,"12":0,"13":0,"14":0,"15":0,"16":0,"17":0,"18":0,"19":0,"20":0,"21":0,"22":0,"23":0,"24":0,"25":0,"26":0,"27":0,"28":0,"29":0,"30":0,"31":0,"32":0,"33":0,"34":0,"35":0,"36":0,"37":0,"38":0,"39":0,"40":0,"41":0,"42":0,"43":0,"44":0,"45":0,"46":0,"47":0,"48":0,"49":0,"50":0,"51":0,"52":0,"53":0,"54":0,"55":0,"56":0,"57":0,"58":0,"59":0,"60":0,"61":0,"62":0,"63":0,"64":0,"65":0,"66":0,"67":0,"68":0,"69":0,"70":0,"71":0,"72":0,"73":0,"74":0,"75":0,"76":0,"77":0,"78":0,"79":0,"80":0,"81":0,"82":0,"83":0,"84":0},"f":{"0":0,"1":0,"2":0,"3":0,"4":0,"5":0,"6":0,"7":0,"8":0,"9":0,"10":0,"11":0,"12":0},"b":{"0":[0],"1":[0],"2":[0],"3":[0,0],"4":[0],"5":[0],"6":[0],"7":[0,0]}}
,"/home/niranjana/backend/src/db/data-source.db.ts": {"path":"/home/niranjana/backend/src/db/data-source.db.ts","statementMap":{"0":{"start":{"line":1,"column":0},"end":{"line":1,"column":26}},"1":{"start":{"line":2,"column":0},"end":{"line":2,"column":37}},"2":{"start":{"line":3,"column":0},"end":{"line":3,"column":64}},"3":{"start":{"line":6,"column":0},"end":{"line":6,"column":28}},"4":{"start":{"line":7,"column":0},"end":{"line":7,"column":16}},"5":{"start":{"line":9,"column":22},"end":{"line":22,"column":2}},"6":{"start":{"line":24,"column":0},"end":{"line":24,"column":29}}},"fnMap":{},"branchMap":{},"s":{"0":1,"1":1,"2":1,"3":1,"4":1,"5":1,"6":1},"f":{},"b":{}}
,"/home/niranjana/backend/src/db/migrations/1720084002931-create-employee.ts": {"path":"/home/niranjana/backend/src/db/migrations/1720084002931-create-employee.ts","statementMap":{"0":{"start":{"line":4,"column":4},"end":{"line":4,"column":null}},"1":{"start":{"line":7,"column":8},"end":{"line":7,"column":335}},"2":{"start":{"line":11,"column":8},"end":{"line":11,"column":57}},"3":{"start":{"line":3,"column":0},"end":{"line":3,"column":13}}},"fnMap":{"0":{"name":"(anonymous_7)","decl":{"start":{"line":3,"column":0},"end":{"line":3,"column":13}},"loc":{"start":{"line":3,"column":0},"end":{"line":14,"column":1}}},"1":{"name":"(anonymous_8)","decl":{"start":{"line":6,"column":17},"end":{"line":6,"column":19}},"loc":{"start":{"line":6,"column":44},"end":{"line":8,"column":null}}},"2":{"name":"(anonymous_10)","decl":{"start":{"line":10,"column":17},"end":{"line":10,"column":21}},"loc":{"start":{"line":10,"column":46},"end":{"line":12,"column":null}}}},"branchMap":{},"s":{"0":0,"1":0,"2":0,"3":0},"f":{"0":0,"1":0,"2":0},"b":{}}
,"/home/niranjana/backend/src/db/migrations/1720084324368-add-age-to-employee.ts": {"path":"/home/niranjana/backend/src/db/migrations/1720084324368-add-age-to-employee.ts","statementMap":{"0":{"start":{"line":4,"column":4},"end":{"line":4,"column":null}},"1":{"start":{"line":7,"column":8},"end":{"line":7,"column":85}},"2":{"start":{"line":11,"column":8},"end":{"line":11,"column":76}},"3":{"start":{"line":3,"column":0},"end":{"line":3,"column":13}}},"fnMap":{"0":{"name":"(anonymous_7)","decl":{"start":{"line":3,"column":0},"end":{"line":3,"column":13}},"loc":{"start":{"line":3,"column":0},"end":{"line":14,"column":1}}},"1":{"name":"(anonymous_8)","decl":{"start":{"line":6,"column":17},"end":{"line":6,"column":19}},"loc":{"start":{"line":6,"column":44},"end":{"line":8,"column":null}}},"2":{"name":"(anonymous_10)","decl":{"start":{"line":10,"column":17},"end":{"line":10,"column":21}},"loc":{"start":{"line":10,"column":46},"end":{"line":12,"column":null}}}},"branchMap":{},"s":{"0":0,"1":0,"2":0,"3":0},"f":{"0":0,"1":0,"2":0},"b":{}}
,"/home/niranjana/backend/src/db/migrations/1720090331639-address-entity-creation.ts": {"path":"/home/niranjana/backend/src/db/migrations/1720090331639-address-entity-creation.ts","statementMap":{"0":{"start":{"line":4,"column":4},"end":{"line":4,"column":null}},"1":{"start":{"line":7,"column":8},"end":{"line":7,"column":428}},"2":{"start":{"line":8,"column":8},"end":{"line":8,"column":201}},"3":{"start":{"line":12,"column":8},"end":{"line":12,"column":106}},"4":{"start":{"line":13,"column":8},"end":{"line":13,"column":56}},"5":{"start":{"line":3,"column":0},"end":{"line":3,"column":13}}},"fnMap":{"0":{"name":"(anonymous_7)","decl":{"start":{"line":3,"column":0},"end":{"line":3,"column":13}},"loc":{"start":{"line":3,"column":0},"end":{"line":16,"column":1}}},"1":{"name":"(anonymous_8)","decl":{"start":{"line":6,"column":17},"end":{"line":6,"column":19}},"loc":{"start":{"line":6,"column":44},"end":{"line":9,"column":null}}},"2":{"name":"(anonymous_10)","decl":{"start":{"line":11,"column":17},"end":{"line":11,"column":21}},"loc":{"start":{"line":11,"column":46},"end":{"line":14,"column":null}}}},"branchMap":{},"s":{"0":0,"1":0,"2":0,"3":0,"4":0,"5":0},"f":{"0":0,"1":0,"2":0},"b":{}}
,"/home/niranjana/backend/src/db/migrations/1720156385112-add-password-and-role-to-employee.ts": {"path":"/home/niranjana/backend/src/db/migrations/1720156385112-add-password-and-role-to-employee.ts","statementMap":{"0":{"start":{"line":4,"column":4},"end":{"line":4,"column":null}},"1":{"start":{"line":7,"column":8},"end":{"line":7,"column":91}},"2":{"start":{"line":8,"column":8},"end":{"line":8,"column":87}},"3":{"start":{"line":12,"column":8},"end":{"line":12,"column":77}},"4":{"start":{"line":13,"column":8},"end":{"line":13,"column":81}},"5":{"start":{"line":3,"column":0},"end":{"line":3,"column":13}}},"fnMap":{"0":{"name":"(anonymous_7)","decl":{"start":{"line":3,"column":0},"end":{"line":3,"column":13}},"loc":{"start":{"line":3,"column":0},"end":{"line":16,"column":1}}},"1":{"name":"(anonymous_8)","decl":{"start":{"line":6,"column":17},"end":{"line":6,"column":19}},"loc":{"start":{"line":6,"column":44},"end":{"line":9,"column":null}}},"2":{"name":"(anonymous_10)","decl":{"start":{"line":11,"column":17},"end":{"line":11,"column":21}},"loc":{"start":{"line":11,"column":46},"end":{"line":14,"column":null}}}},"branchMap":{},"s":{"0":0,"1":0,"2":0,"3":0,"4":0,"5":0},"f":{"0":0,"1":0,"2":0},"b":{}}
,"/home/niranjana/backend/src/db/migrations/1720355776742-add-department-entity.ts": {"path":"/home/niranjana/backend/src/db/migrations/1720355776742-add-department-entity.ts","statementMap":{"0":{"start":{"line":4,"column":4},"end":{"line":4,"column":null}},"1":{"start":{"line":7,"column":8},"end":{"line":7,"column":312}},"2":{"start":{"line":8,"column":8},"end":{"line":8,"column":86}},"3":{"start":{"line":9,"column":8},"end":{"line":9,"column":206}},"4":{"start":{"line":13,"column":8},"end":{"line":13,"column":107}},"5":{"start":{"line":14,"column":8},"end":{"line":14,"column":86}},"6":{"start":{"line":15,"column":8},"end":{"line":15,"column":59}},"7":{"start":{"line":3,"column":0},"end":{"line":3,"column":13}}},"fnMap":{"0":{"name":"(anonymous_7)","decl":{"start":{"line":3,"column":0},"end":{"line":3,"column":13}},"loc":{"start":{"line":3,"column":0},"end":{"line":18,"column":1}}},"1":{"name":"(anonymous_8)","decl":{"start":{"line":6,"column":17},"end":{"line":6,"column":19}},"loc":{"start":{"line":6,"column":44},"end":{"line":10,"column":null}}},"2":{"name":"(anonymous_10)","decl":{"start":{"line":12,"column":17},"end":{"line":12,"column":21}},"loc":{"start":{"line":12,"column":46},"end":{"line":16,"column":null}}}},"branchMap":{},"s":{"0":0,"1":0,"2":0,"3":0,"4":0,"5":0,"6":0,"7":0},"f":{"0":0,"1":0,"2":0},"b":{}}
,"/home/niranjana/backend/src/dto/address.dto.ts": {"path":"/home/niranjana/backend/src/dto/address.dto.ts","statementMap":{"0":{"start":{"line":1,"column":0},"end":{"line":1,"column":55}},"1":{"start":{"line":3,"column":0},"end":{"line":3,"column":13}},"2":{"start":{"line":6,"column":4},"end":{"line":6,"column":null}},"3":{"start":{"line":10,"column":4},"end":{"line":10,"column":null}}},"fnMap":{},"branchMap":{},"s":{"0":0,"1":0,"2":0,"3":0},"f":{},"b":{}}
,"/home/niranjana/backend/src/dto/department.dto.ts": {"path":"/home/niranjana/backend/src/dto/department.dto.ts","statementMap":{"0":{"start":{"line":1,"column":0},"end":{"line":1,"column":55}},"1":{"start":{"line":3,"column":0},"end":{"line":3,"column":13}},"2":{"start":{"line":6,"column":2},"end":{"line":6,"column":null}}},"fnMap":{},"branchMap":{},"s":{"0":0,"1":0,"2":0},"f":{},"b":{}}
,"/home/niranjana/backend/src/dto/employee.dto.ts": {"path":"/home/niranjana/backend/src/dto/employee.dto.ts","statementMap":{"0":{"start":{"line":1,"column":0},"end":{"line":1,"column":105}},"1":{"start":{"line":3,"column":0},"end":{"line":3,"column":48}},"2":{"start":{"line":4,"column":0},"end":{"line":4,"column":40}},"3":{"start":{"line":5,"column":0},"end":{"line":5,"column":25}},"4":{"start":{"line":6,"column":0},"end":{"line":6,"column":41}},"5":{"start":{"line":8,"column":0},"end":{"line":8,"column":48}},"6":{"start":{"line":10,"column":0},"end":{"line":10,"column":13}},"7":{"start":{"line":13,"column":4},"end":{"line":13,"column":null}},"8":{"start":{"line":18,"column":4},"end":{"line":18,"column":null}},"9":{"start":{"line":22,"column":4},"end":{"line":22,"column":null}},"10":{"start":{"line":28,"column":4},"end":{"line":28,"column":null}},"11":{"start":{"line":27,"column":16},"end":{"line":27,"column":32}},"12":{"start":{"line":32,"column":4},"end":{"line":32,"column":null}},"13":{"start":{"line":36,"column":4},"end":{"line":36,"column":null}},"14":{"start":{"line":42,"column":4},"end":{"line":42,"column":null}},"15":{"start":{"line":41,"column":16},"end":{"line":41,"column":29}}},"fnMap":{"0":{"name":"(anonymous_2)","decl":{"start":{"line":27,"column":10},"end":{"line":27,"column":13}},"loc":{"start":{"line":27,"column":16},"end":{"line":27,"column":32}}},"1":{"name":"(anonymous_3)","decl":{"start":{"line":41,"column":10},"end":{"line":41,"column":13}},"loc":{"start":{"line":41,"column":16},"end":{"line":41,"column":29}}}},"branchMap":{},"s":{"0":0,"1":0,"2":0,"3":0,"4":0,"5":0,"6":0,"7":0,"8":0,"9":0,"10":0,"11":0,"12":0,"13":0,"14":0,"15":0},"f":{"0":0,"1":0},"b":{}}
,"/home/niranjana/backend/src/entity/abstract-entity.ts": {"path":"/home/niranjana/backend/src/entity/abstract-entity.ts","statementMap":{"0":{"start":{"line":1,"column":0},"end":{"line":1,"column":103}},"1":{"start":{"line":3,"column":0},"end":{"line":3,"column":21}},"2":{"start":{"line":5,"column":4},"end":{"line":5,"column":null}},"3":{"start":{"line":8,"column":4},"end":{"line":8,"column":null}},"4":{"start":{"line":11,"column":4},"end":{"line":11,"column":null}},"5":{"start":{"line":14,"column":4},"end":{"line":14,"column":null}}},"fnMap":{},"branchMap":{},"s":{"0":2,"1":2,"2":2,"3":2,"4":2,"5":2},"f":{},"b":{}}
,"/home/niranjana/backend/src/entity/address.entity.ts": {"path":"/home/niranjana/backend/src/entity/address.entity.ts","statementMap":{"0":{"start":{"line":1,"column":0},"end":{"line":1,"column":63}},"1":{"start":{"line":2,"column":0},"end":{"line":2,"column":47}},"2":{"start":{"line":3,"column":0},"end":{"line":3,"column":41}},"3":{"start":{"line":6,"column":15},"end":{"line":19,"column":null}},"4":{"start":{"line":9,"column":4},"end":{"line":9,"column":null}},"5":{"start":{"line":12,"column":4},"end":{"line":12,"column":null}},"6":{"start":{"line":16,"column":4},"end":{"line":16,"column":null}},"7":{"start":{"line":14,"column":20},"end":{"line":14,"column":28}},"8":{"start":{"line":14,"column":44},"end":{"line":14,"column":60}},"9":{"start":{"line":6,"column":21},"end":{"line":19,"column":null}},"10":{"start":{"line":6,"column":21},"end":{"line":6,"column":29}}},"fnMap":{"0":{"name":"(anonymous_3)","decl":{"start":{"line":14,"column":14},"end":{"line":14,"column":17}},"loc":{"start":{"line":14,"column":20},"end":{"line":14,"column":28}}},"1":{"name":"(anonymous_4)","decl":{"start":{"line":14,"column":30},"end":{"line":14,"column":31}},"loc":{"start":{"line":14,"column":44},"end":{"line":14,"column":60}}}},"branchMap":{},"s":{"0":2,"1":2,"2":2,"3":2,"4":2,"5":2,"6":2,"7":0,"8":0,"9":2,"10":2},"f":{"0":0,"1":0},"b":{}}
,"/home/niranjana/backend/src/entity/department.entity.ts": {"path":"/home/niranjana/backend/src/entity/department.entity.ts","statementMap":{"0":{"start":{"line":1,"column":0},"end":{"line":1,"column":52}},"1":{"start":{"line":2,"column":0},"end":{"line":2,"column":47}},"2":{"start":{"line":3,"column":0},"end":{"line":3,"column":41}},"3":{"start":{"line":6,"column":15},"end":{"line":13,"column":null}},"4":{"start":{"line":8,"column":4},"end":{"line":8,"column":null}},"5":{"start":{"line":11,"column":4},"end":{"line":11,"column":null}},"6":{"start":{"line":10,"column":21},"end":{"line":10,"column":29}},"7":{"start":{"line":10,"column":45},"end":{"line":10,"column":64}},"8":{"start":{"line":6,"column":21},"end":{"line":13,"column":null}},"9":{"start":{"line":6,"column":21},"end":{"line":6,"column":32}}},"fnMap":{"0":{"name":"(anonymous_3)","decl":{"start":{"line":10,"column":15},"end":{"line":10,"column":18}},"loc":{"start":{"line":10,"column":21},"end":{"line":10,"column":29}}},"1":{"name":"(anonymous_4)","decl":{"start":{"line":10,"column":31},"end":{"line":10,"column":32}},"loc":{"start":{"line":10,"column":45},"end":{"line":10,"column":64}}}},"branchMap":{},"s":{"0":2,"1":2,"2":2,"3":2,"4":2,"5":2,"6":0,"7":0,"8":2,"9":2},"f":{"0":0,"1":0},"b":{}}
,"/home/niranjana/backend/src/entity/employee.entity.ts": {"path":"/home/niranjana/backend/src/entity/employee.entity.ts","statementMap":{"0":{"start":{"line":1,"column":0},"end":{"line":1,"column":null}},"1":{"start":{"line":8,"column":0},"end":{"line":8,"column":47}},"2":{"start":{"line":9,"column":0},"end":{"line":9,"column":39}},"3":{"start":{"line":10,"column":0},"end":{"line":10,"column":42}},"4":{"start":{"line":11,"column":0},"end":{"line":11,"column":45}},"5":{"start":{"line":14,"column":15},"end":{"line":42,"column":null}},"6":{"start":{"line":17,"column":2},"end":{"line":17,"column":null}},"7":{"start":{"line":20,"column":2},"end":{"line":20,"column":null}},"8":{"start":{"line":23,"column":2},"end":{"line":23,"column":null}},"9":{"start":{"line":29,"column":2},"end":{"line":29,"column":null}},"10":{"start":{"line":25,"column":18},"end":{"line":25,"column":25}},"11":{"start":{"line":25,"column":40},"end":{"line":25,"column":56}},"12":{"start":{"line":32,"column":2},"end":{"line":32,"column":null}},"13":{"start":{"line":35,"column":2},"end":{"line":35,"column":null}},"14":{"start":{"line":40,"column":2},"end":{"line":40,"column":null}},"15":{"start":{"line":37,"column":19},"end":{"line":37,"column":29}},"16":{"start":{"line":37,"column":47},"end":{"line":37,"column":67}},"17":{"start":{"line":14,"column":21},"end":{"line":42,"column":null}},"18":{"start":{"line":14,"column":21},"end":{"line":14,"column":30}}},"fnMap":{"0":{"name":"(anonymous_3)","decl":{"start":{"line":25,"column":12},"end":{"line":25,"column":15}},"loc":{"start":{"line":25,"column":18},"end":{"line":25,"column":25}}},"1":{"name":"(anonymous_4)","decl":{"start":{"line":25,"column":27},"end":{"line":25,"column":28}},"loc":{"start":{"line":25,"column":40},"end":{"line":25,"column":56}}},"2":{"name":"(anonymous_5)","decl":{"start":{"line":37,"column":13},"end":{"line":37,"column":16}},"loc":{"start":{"line":37,"column":19},"end":{"line":37,"column":29}}},"3":{"name":"(anonymous_6)","decl":{"start":{"line":37,"column":31},"end":{"line":37,"column":32}},"loc":{"start":{"line":37,"column":47},"end":{"line":37,"column":67}}}},"branchMap":{},"s":{"0":2,"1":2,"2":2,"3":2,"4":2,"5":2,"6":2,"7":2,"8":2,"9":2,"10":0,"11":0,"12":2,"13":2,"14":2,"15":0,"16":0,"17":2,"18":2},"f":{"0":0,"1":0,"2":0,"3":0},"b":{}}
,"/home/niranjana/backend/src/exceptions/http.exceptions.ts": {"path":"/home/niranjana/backend/src/exceptions/http.exceptions.ts","statementMap":{"0":{"start":{"line":6,"column":8},"end":{"line":6,"column":23}},"1":{"start":{"line":7,"column":8},"end":{"line":7,"column":28}},"2":{"start":{"line":8,"column":8},"end":{"line":8,"column":29}},"3":{"start":{"line":1,"column":0},"end":{"line":1,"column":21}}},"fnMap":{"0":{"name":"(anonymous_0)","decl":{"start":{"line":5,"column":4},"end":{"line":5,"column":16}},"loc":{"start":{"line":5,"column":62},"end":{"line":9,"column":5}}}},"branchMap":{},"s":{"0":0,"1":0,"2":0,"3":2},"f":{"0":0},"b":{}}
,"/home/niranjana/backend/src/middleware/authorize.middleware.ts": {"path":"/home/niranjana/backend/src/middleware/authorize.middleware.ts","statementMap":{"0":{"start":{"line":4,"column":0},"end":{"line":4,"column":40}},"1":{"start":{"line":5,"column":0},"end":{"line":5,"column":48}},"2":{"start":{"line":8,"column":18},"end":{"line":23,"column":null}},"3":{"start":{"line":8,"column":93},"end":{"line":23,"column":null}},"4":{"start":{"line":9,"column":4},"end":{"line":21,"column":5}},"5":{"start":{"line":12,"column":22},"end":{"line":12,"column":56}},"6":{"start":{"line":13,"column":25},"end":{"line":13,"column":62}},"7":{"start":{"line":14,"column":8},"end":{"line":14,"column":52}},"8":{"start":{"line":15,"column":8},"end":{"line":15,"column":54}},"9":{"start":{"line":16,"column":8},"end":{"line":16,"column":52}},"10":{"start":{"line":17,"column":8},"end":{"line":17,"column":22}},"11":{"start":{"line":20,"column":8},"end":{"line":20,"column":20}},"12":{"start":{"line":25,"column":34},"end":{"line":30,"column":1}},"13":{"start":{"line":26,"column":24},"end":{"line":26,"column":51}},"14":{"start":{"line":27,"column":4},"end":{"line":27,"column":46}},"15":{"start":{"line":28,"column":18},"end":{"line":28,"column":71}},"16":{"start":{"line":29,"column":4},"end":{"line":29,"column":17}},"17":{"start":{"line":33,"column":0},"end":{"line":33,"column":25}}},"fnMap":{"0":{"name":"(anonymous_8)","decl":{"start":{"line":8,"column":18},"end":{"line":8,"column":25}},"loc":{"start":{"line":8,"column":93},"end":{"line":23,"column":null}}},"1":{"name":"(anonymous_9)","decl":{"start":{"line":8,"column":93},"end":{"line":8,"column":null}},"loc":{"start":{"line":8,"column":93},"end":{"line":23,"column":1}}},"2":{"name":"(anonymous_10)","decl":{"start":{"line":25,"column":34},"end":{"line":25,"column":35}},"loc":{"start":{"line":25,"column":59},"end":{"line":30,"column":1}}}},"branchMap":{"0":{"loc":{"start":{"line":28,"column":18},"end":{"line":28,"column":71}},"type":"cond-expr","locations":[{"start":{"line":28,"column":32},"end":{"line":28,"column":66}},{"start":{"line":28,"column":69},"end":{"line":28,"column":71}}]}},"s":{"0":0,"1":0,"2":0,"3":0,"4":0,"5":0,"6":0,"7":0,"8":0,"9":0,"10":0,"11":0,"12":0,"13":0,"14":0,"15":0,"16":0,"17":0},"f":{"0":0,"1":0,"2":0},"b":{"0":[0,0]}}
,"/home/niranjana/backend/src/middleware/error.middleware.ts": {"path":"/home/niranjana/backend/src/middleware/error.middleware.ts","statementMap":{"0":{"start":{"line":2,"column":0},"end":{"line":2,"column":57}},"1":{"start":{"line":4,"column":24},"end":{"line":30,"column":1}},"2":{"start":{"line":10,"column":4},"end":{"line":29,"column":5}},"3":{"start":{"line":11,"column":8},"end":{"line":26,"column":9}},"4":{"start":{"line":12,"column":38},"end":{"line":12,"column":49}},"5":{"start":{"line":13,"column":35},"end":{"line":13,"column":54}},"6":{"start":{"line":19,"column":27},"end":{"line":19,"column":90}},"7":{"start":{"line":22,"column":12},"end":{"line":22,"column":46}},"8":{"start":{"line":24,"column":12},"end":{"line":24,"column":39}},"9":{"start":{"line":25,"column":12},"end":{"line":25,"column":59}},"10":{"start":{"line":28,"column":8},"end":{"line":28,"column":20}},"11":{"start":{"line":32,"column":0},"end":{"line":32,"column":31}}},"fnMap":{"0":{"name":"(anonymous_1)","decl":{"start":{"line":4,"column":24},"end":{"line":4,"column":null}},"loc":{"start":{"line":9,"column":4},"end":{"line":30,"column":1}}}},"branchMap":{"0":{"loc":{"start":{"line":11,"column":8},"end":{"line":26,"column":9}},"type":"if","locations":[{"start":{"line":11,"column":8},"end":{"line":26,"column":9}},{"start":{"line":23,"column":15},"end":{"line":26,"column":9}}]},"1":{"loc":{"start":{"line":13,"column":35},"end":{"line":13,"column":54}},"type":"binary-expr","locations":[{"start":{"line":13,"column":35},"end":{"line":13,"column":47}},{"start":{"line":13,"column":51},"end":{"line":13,"column":54}}]}},"s":{"0":0,"1":0,"2":0,"3":0,"4":0,"5":0,"6":0,"7":0,"8":0,"9":0,"10":0,"11":0},"f":{"0":0},"b":{"0":[0,0],"1":[0,0]}}
,"/home/niranjana/backend/src/middleware/logger.middleware.ts": {"path":"/home/niranjana/backend/src/middleware/logger.middleware.ts","statementMap":{"0":{"start":{"line":4,"column":25},"end":{"line":9,"column":1}},"1":{"start":{"line":5,"column":4},"end":{"line":5,"column":64}},"2":{"start":{"line":7,"column":4},"end":{"line":7,"column":null}},"3":{"start":{"line":8,"column":4},"end":{"line":8,"column":11}},"4":{"start":{"line":11,"column":0},"end":{"line":11,"column":32}}},"fnMap":{"0":{"name":"(anonymous_0)","decl":{"start":{"line":4,"column":25},"end":{"line":4,"column":26}},"loc":{"start":{"line":4,"column":75},"end":{"line":9,"column":1}}}},"branchMap":{},"s":{"0":0,"1":0,"2":0,"3":0,"4":0},"f":{"0":0},"b":{}}
,"/home/niranjana/backend/src/repository/department.repository.ts": {"path":"/home/niranjana/backend/src/repository/department.repository.ts","statementMap":{"0":{"start":{"line":5,"column":22},"end":{"line":5,"column":56}},"1":{"start":{"line":9,"column":2},"end":{"line":11,"column":4}},"2":{"start":{"line":9,"column":43},"end":{"line":11,"column":4}},"3":{"start":{"line":10,"column":4},"end":{"line":10,"column":62}},"4":{"start":{"line":13,"column":2},"end":{"line":17,"column":4}},"5":{"start":{"line":15,"column":34},"end":{"line":17,"column":4}},"6":{"start":{"line":16,"column":4},"end":{"line":16,"column":80}},"7":{"start":{"line":19,"column":2},"end":{"line":21,"column":4}},"8":{"start":{"line":19,"column":63},"end":{"line":21,"column":4}},"9":{"start":{"line":20,"column":4},"end":{"line":20,"column":44}},"10":{"start":{"line":23,"column":2},"end":{"line":25,"column":null}},"11":{"start":{"line":23,"column":59},"end":{"line":25,"column":null}},"12":{"start":{"line":24,"column":4},"end":{"line":24,"column":49}},"13":{"start":{"line":6,"column":4},"end":{"line":6,"column":33}},"14":{"start":{"line":4,"column":0},"end":{"line":4,"column":21}}},"fnMap":{"0":{"name":"(anonymous_7)","decl":{"start":{"line":5,"column":2},"end":{"line":5,"column":22}},"loc":{"start":{"line":5,"column":56},"end":{"line":7,"column":3}}},"1":{"name":"(anonymous_8)","decl":{"start":{"line":9,"column":9},"end":{"line":9,"column":41}},"loc":{"start":{"line":9,"column":43},"end":{"line":11,"column":4}}},"2":{"name":"(anonymous_9)","decl":{"start":{"line":9,"column":43},"end":{"line":9,"column":null}},"loc":{"start":{"line":9,"column":43},"end":{"line":11,"column":3}}},"3":{"name":"(anonymous_10)","decl":{"start":{"line":13,"column":14},"end":{"line":13,"column":null}},"loc":{"start":{"line":15,"column":34},"end":{"line":17,"column":4}}},"4":{"name":"(anonymous_11)","decl":{"start":{"line":15,"column":34},"end":{"line":15,"column":null}},"loc":{"start":{"line":15,"column":34},"end":{"line":17,"column":3}}},"5":{"name":"(anonymous_12)","decl":{"start":{"line":19,"column":9},"end":{"line":19,"column":16}},"loc":{"start":{"line":19,"column":63},"end":{"line":21,"column":4}}},"6":{"name":"(anonymous_13)","decl":{"start":{"line":19,"column":63},"end":{"line":19,"column":null}},"loc":{"start":{"line":19,"column":63},"end":{"line":21,"column":3}}},"7":{"name":"(anonymous_14)","decl":{"start":{"line":23,"column":11},"end":{"line":23,"column":18}},"loc":{"start":{"line":23,"column":59},"end":{"line":25,"column":null}}},"8":{"name":"(anonymous_15)","decl":{"start":{"line":23,"column":59},"end":{"line":23,"column":null}},"loc":{"start":{"line":23,"column":59},"end":{"line":25,"column":3}}}},"branchMap":{},"s":{"0":1,"1":1,"2":0,"3":0,"4":1,"5":0,"6":0,"7":1,"8":0,"9":0,"10":1,"11":0,"12":0,"13":1,"14":2},"f":{"0":1,"1":0,"2":0,"3":0,"4":0,"5":0,"6":0,"7":0,"8":0},"b":{}}
,"/home/niranjana/backend/src/repository/employee.repository.ts": {"path":"/home/niranjana/backend/src/repository/employee.repository.ts","statementMap":{"0":{"start":{"line":8,"column":22},"end":{"line":8,"column":54}},"1":{"start":{"line":12,"column":2},"end":{"line":16,"column":null}},"2":{"start":{"line":12,"column":41},"end":{"line":16,"column":null}},"3":{"start":{"line":13,"column":4},"end":{"line":13,"column":null}},"4":{"start":{"line":14,"column":4},"end":{"line":14,"column":71}},"5":{"start":{"line":18,"column":2},"end":{"line":22,"column":null}},"6":{"start":{"line":18,"column":76},"end":{"line":22,"column":null}},"7":{"start":{"line":19,"column":4},"end":{"line":21,"column":7}},"8":{"start":{"line":24,"column":2},"end":{"line":26,"column":null}},"9":{"start":{"line":24,"column":57},"end":{"line":26,"column":null}},"10":{"start":{"line":25,"column":4},"end":{"line":25,"column":42}},"11":{"start":{"line":34,"column":2},"end":{"line":36,"column":null}},"12":{"start":{"line":34,"column":55},"end":{"line":36,"column":null}},"13":{"start":{"line":35,"column":4},"end":{"line":35,"column":47}},"14":{"start":{"line":38,"column":2},"end":{"line":40,"column":null}},"15":{"start":{"line":38,"column":48},"end":{"line":40,"column":null}},"16":{"start":{"line":39,"column":4},"end":{"line":39,"column":null}},"17":{"start":{"line":9,"column":4},"end":{"line":9,"column":33}},"18":{"start":{"line":29,"column":22},"end":{"line":29,"column":69}},"19":{"start":{"line":30,"column":4},"end":{"line":30,"column":27}},"20":{"start":{"line":31,"column":4},"end":{"line":31,"column":45}},"21":{"start":{"line":45,"column":0},"end":{"line":45,"column":34}}},"fnMap":{"0":{"name":"(anonymous_7)","decl":{"start":{"line":8,"column":2},"end":{"line":8,"column":22}},"loc":{"start":{"line":8,"column":54},"end":{"line":10,"column":3}}},"1":{"name":"(anonymous_8)","decl":{"start":{"line":12,"column":9},"end":{"line":12,"column":39}},"loc":{"start":{"line":12,"column":41},"end":{"line":16,"column":null}}},"2":{"name":"(anonymous_9)","decl":{"start":{"line":12,"column":41},"end":{"line":12,"column":null}},"loc":{"start":{"line":12,"column":41},"end":{"line":16,"column":3}}},"3":{"name":"(anonymous_10)","decl":{"start":{"line":18,"column":14},"end":{"line":18,"column":21}},"loc":{"start":{"line":18,"column":76},"end":{"line":22,"column":null}}},"4":{"name":"(anonymous_11)","decl":{"start":{"line":18,"column":76},"end":{"line":18,"column":null}},"loc":{"start":{"line":18,"column":76},"end":{"line":22,"column":3}}},"5":{"name":"(anonymous_12)","decl":{"start":{"line":24,"column":9},"end":{"line":24,"column":16}},"loc":{"start":{"line":24,"column":57},"end":{"line":26,"column":null}}},"6":{"name":"(anonymous_13)","decl":{"start":{"line":24,"column":57},"end":{"line":24,"column":null}},"loc":{"start":{"line":24,"column":57},"end":{"line":26,"column":3}}},"7":{"name":"(anonymous_14)","decl":{"start":{"line":34,"column":11},"end":{"line":34,"column":18}},"loc":{"start":{"line":34,"column":55},"end":{"line":36,"column":null}}},"8":{"name":"(anonymous_15)","decl":{"start":{"line":34,"column":55},"end":{"line":34,"column":null}},"loc":{"start":{"line":34,"column":55},"end":{"line":36,"column":3}}},"9":{"name":"(anonymous_16)","decl":{"start":{"line":38,"column":11},"end":{"line":38,"column":18}},"loc":{"start":{"line":38,"column":48},"end":{"line":40,"column":null}}},"10":{"name":"(anonymous_17)","decl":{"start":{"line":38,"column":48},"end":{"line":38,"column":null}},"loc":{"start":{"line":38,"column":48},"end":{"line":40,"column":3}}},"11":{"name":"(anonymous_18)","decl":{"start":{"line":28,"column":8},"end":{"line":28,"column":14}},"loc":{"start":{"line":28,"column":49},"end":{"line":32,"column":null}}}},"branchMap":{},"s":{"0":1,"1":1,"2":0,"3":0,"4":0,"5":1,"6":0,"7":0,"8":1,"9":0,"10":0,"11":1,"12":0,"13":0,"14":1,"15":0,"16":0,"17":1,"18":0,"19":0,"20":0,"21":1},"f":{"0":1,"1":0,"2":0,"3":0,"4":0,"5":0,"6":0,"7":0,"8":0,"9":0,"10":0,"11":0},"b":{}}
,"/home/niranjana/backend/src/routes/department.router.ts": {"path":"/home/niranjana/backend/src/routes/department.router.ts","statementMap":{"0":{"start":{"line":1,"column":0},"end":{"line":1,"column":49}},"1":{"start":{"line":2,"column":0},"end":{"line":2,"column":53}},"2":{"start":{"line":3,"column":0},"end":{"line":3,"column":71}},"3":{"start":{"line":4,"column":0},"end":{"line":4,"column":62}},"4":{"start":{"line":5,"column":0},"end":{"line":5,"column":71}},"5":{"start":{"line":7,"column":29},"end":{"line":7,"column":143}},"6":{"start":{"line":8,"column":25},"end":{"line":8,"column":52}},"7":{"start":{"line":10,"column":0},"end":{"line":10,"column":32}}},"fnMap":{},"branchMap":{},"s":{"0":0,"1":0,"2":0,"3":0,"4":0,"5":0,"6":0,"7":0},"f":{},"b":{}}
,"/home/niranjana/backend/src/routes/employee.router.ts": {"path":"/home/niranjana/backend/src/routes/employee.router.ts","statementMap":{"0":{"start":{"line":1,"column":0},"end":{"line":1,"column":67}},"1":{"start":{"line":2,"column":0},"end":{"line":2,"column":67}},"2":{"start":{"line":3,"column":0},"end":{"line":3,"column":58}},"3":{"start":{"line":4,"column":0},"end":{"line":4,"column":49}},"4":{"start":{"line":5,"column":0},"end":{"line":5,"column":49}},"5":{"start":{"line":7,"column":27},"end":{"line":7,"column":133}},"6":{"start":{"line":8,"column":23},"end":{"line":8,"column":48}},"7":{"start":{"line":10,"column":0},"end":{"line":10,"column":30}}},"fnMap":{},"branchMap":{},"s":{"0":0,"1":0,"2":0,"3":0,"4":0,"5":0,"6":0,"7":0},"f":{},"b":{}}
,"/home/niranjana/backend/src/service/department.service.ts": {"path":"/home/niranjana/backend/src/service/department.service.ts","statementMap":{"0":{"start":{"line":3,"column":0},"end":{"line":3,"column":53}},"1":{"start":{"line":5,"column":0},"end":{"line":5,"column":58}},"2":{"start":{"line":9,"column":22},"end":{"line":9,"column":65}},"3":{"start":{"line":10,"column":2},"end":{"line":12,"column":4}},"4":{"start":{"line":10,"column":56},"end":{"line":12,"column":4}},"5":{"start":{"line":11,"column":4},"end":{"line":11,"column":44}},"6":{"start":{"line":14,"column":2},"end":{"line":16,"column":4}},"7":{"start":{"line":14,"column":71},"end":{"line":16,"column":4}},"8":{"start":{"line":15,"column":4},"end":{"line":15,"column":55}},"9":{"start":{"line":18,"column":2},"end":{"line":25,"column":4}},"10":{"start":{"line":20,"column":27},"end":{"line":25,"column":4}},"11":{"start":{"line":21,"column":26},"end":{"line":21,"column":42}},"12":{"start":{"line":23,"column":4},"end":{"line":23,"column":64}},"13":{"start":{"line":24,"column":4},"end":{"line":24,"column":57}},"14":{"start":{"line":27,"column":4},"end":{"line":41,"column":6}},"15":{"start":{"line":29,"column":29},"end":{"line":41,"column":6}},"16":{"start":{"line":31,"column":23},"end":{"line":31,"column":72}},"17":{"start":{"line":32,"column":6},"end":{"line":39,"column":7}},"18":{"start":{"line":33,"column":8},"end":{"line":33,"column":77}},"19":{"start":{"line":36,"column":8},"end":{"line":36,"column":45}},"20":{"start":{"line":38,"column":8},"end":{"line":38,"column":64}},"21":{"start":{"line":43,"column":2},"end":{"line":52,"column":4}},"22":{"start":{"line":43,"column":57},"end":{"line":52,"column":4}},"23":{"start":{"line":44,"column":21},"end":{"line":44,"column":70}},"24":{"start":{"line":45,"column":4},"end":{"line":50,"column":5}},"25":{"start":{"line":46,"column":6},"end":{"line":46,"column":57}},"26":{"start":{"line":49,"column":6},"end":{"line":49,"column":87}},"27":{"start":{"line":55,"column":4},"end":{"line":55,"column":67}},"28":{"start":{"line":7,"column":0},"end":{"line":7,"column":21}}},"fnMap":{"0":{"name":"(anonymous_8)","decl":{"start":{"line":9,"column":2},"end":{"line":9,"column":22}},"loc":{"start":{"line":9,"column":65},"end":{"line":9,"column":69}}},"1":{"name":"(anonymous_9)","decl":{"start":{"line":10,"column":22},"end":{"line":10,"column":54}},"loc":{"start":{"line":10,"column":56},"end":{"line":12,"column":4}}},"2":{"name":"(anonymous_10)","decl":{"start":{"line":10,"column":56},"end":{"line":10,"column":null}},"loc":{"start":{"line":10,"column":56},"end":{"line":12,"column":3}}},"3":{"name":"(anonymous_11)","decl":{"start":{"line":14,"column":22},"end":{"line":14,"column":29}},"loc":{"start":{"line":14,"column":71},"end":{"line":16,"column":4}}},"4":{"name":"(anonymous_12)","decl":{"start":{"line":14,"column":71},"end":{"line":14,"column":null}},"loc":{"start":{"line":14,"column":71},"end":{"line":16,"column":3}}},"5":{"name":"(anonymous_13)","decl":{"start":{"line":18,"column":21},"end":{"line":18,"column":null}},"loc":{"start":{"line":20,"column":27},"end":{"line":25,"column":4}}},"6":{"name":"(anonymous_14)","decl":{"start":{"line":20,"column":27},"end":{"line":20,"column":null}},"loc":{"start":{"line":20,"column":27},"end":{"line":25,"column":3}}},"7":{"name":"(anonymous_15)","decl":{"start":{"line":27,"column":23},"end":{"line":27,"column":null}},"loc":{"start":{"line":29,"column":29},"end":{"line":41,"column":6}}},"8":{"name":"(anonymous_16)","decl":{"start":{"line":29,"column":29},"end":{"line":29,"column":null}},"loc":{"start":{"line":29,"column":29},"end":{"line":41,"column":5}}},"9":{"name":"(anonymous_17)","decl":{"start":{"line":43,"column":21},"end":{"line":43,"column":28}},"loc":{"start":{"line":43,"column":57},"end":{"line":52,"column":4}}},"10":{"name":"(anonymous_18)","decl":{"start":{"line":43,"column":57},"end":{"line":43,"column":null}},"loc":{"start":{"line":43,"column":57},"end":{"line":52,"column":3}}},"11":{"name":"(anonymous_19)","decl":{"start":{"line":54,"column":2},"end":{"line":54,"column":21}},"loc":{"start":{"line":54,"column":44},"end":{"line":57,"column":3}}}},"branchMap":{"0":{"loc":{"start":{"line":32,"column":6},"end":{"line":39,"column":7}},"type":"if","locations":[{"start":{"line":32,"column":6},"end":{"line":39,"column":7}},{"start":{"line":35,"column":10},"end":{"line":39,"column":7}}]},"1":{"loc":{"start":{"line":45,"column":4},"end":{"line":50,"column":5}},"type":"if","locations":[{"start":{"line":45,"column":4},"end":{"line":50,"column":5}},{"start":{"line":48,"column":8},"end":{"line":50,"column":5}}]}},"s":{"0":2,"1":2,"2":1,"3":1,"4":1,"5":1,"6":1,"7":1,"8":1,"9":1,"10":0,"11":0,"12":0,"13":0,"14":1,"15":0,"16":0,"17":0,"18":0,"19":0,"20":0,"21":1,"22":0,"23":0,"24":0,"25":0,"26":0,"27":0,"28":2},"f":{"0":1,"1":1,"2":1,"3":1,"4":1,"5":0,"6":0,"7":0,"8":0,"9":0,"10":0,"11":0},"b":{"0":[0,0],"1":[0,0]}}
,"/home/niranjana/backend/src/service/employee.service.ts": {"path":"/home/niranjana/backend/src/service/employee.service.ts","statementMap":{"0":{"start":{"line":2,"column":0},"end":{"line":2,"column":47}},"1":{"start":{"line":3,"column":0},"end":{"line":3,"column":49}},"2":{"start":{"line":4,"column":0},"end":{"line":4,"column":58}},"3":{"start":{"line":6,"column":0},"end":{"line":6,"column":28}},"4":{"start":{"line":7,"column":0},"end":{"line":7,"column":40}},"5":{"start":{"line":9,"column":0},"end":{"line":9,"column":62}},"6":{"start":{"line":10,"column":0},"end":{"line":10,"column":53}},"7":{"start":{"line":12,"column":0},"end":{"line":12,"column":53}},"8":{"start":{"line":13,"column":0},"end":{"line":13,"column":71}},"9":{"start":{"line":14,"column":0},"end":{"line":14,"column":49}},"10":{"start":{"line":16,"column":22},"end":{"line":16,"column":60}},"11":{"start":{"line":18,"column":2},"end":{"line":21,"column":4}},"12":{"start":{"line":18,"column":52},"end":{"line":21,"column":4}},"13":{"start":{"line":20,"column":4},"end":{"line":20,"column":42}},"14":{"start":{"line":23,"column":2},"end":{"line":25,"column":4}},"15":{"start":{"line":23,"column":67},"end":{"line":25,"column":4}},"16":{"start":{"line":24,"column":4},"end":{"line":24,"column":53}},"17":{"start":{"line":27,"column":2},"end":{"line":64,"column":4}},"18":{"start":{"line":29,"column":25},"end":{"line":64,"column":4}},"19":{"start":{"line":30,"column":24},"end":{"line":30,"column":38}},"20":{"start":{"line":32,"column":4},"end":{"line":32,"column":42}},"21":{"start":{"line":33,"column":4},"end":{"line":33,"column":38}},"22":{"start":{"line":34,"column":4},"end":{"line":34,"column":40}},"23":{"start":{"line":35,"column":23},"end":{"line":35,"column":36}},"24":{"start":{"line":36,"column":4},"end":{"line":36,"column":49}},"25":{"start":{"line":37,"column":4},"end":{"line":37,"column":53}},"26":{"start":{"line":38,"column":4},"end":{"line":38,"column":37}},"27":{"start":{"line":39,"column":4},"end":{"line":41,"column":11}},"28":{"start":{"line":42,"column":4},"end":{"line":42,"column":40}},"29":{"start":{"line":45,"column":30},"end":{"line":46,"column":null}},"30":{"start":{"line":48,"column":21},"end":{"line":49,"column":null}},"31":{"start":{"line":51,"column":4},"end":{"line":51,"column":36}},"32":{"start":{"line":52,"column":4},"end":{"line":58,"column":5}},"33":{"start":{"line":53,"column":6},"end":{"line":53,"column":42}},"34":{"start":{"line":55,"column":28},"end":{"line":55,"column":44}},"35":{"start":{"line":56,"column":6},"end":{"line":56,"column":75}},"36":{"start":{"line":57,"column":6},"end":{"line":57,"column":45}},"37":{"start":{"line":61,"column":21},"end":{"line":61,"column":68}},"38":{"start":{"line":62,"column":4},"end":{"line":62,"column":26}},"39":{"start":{"line":63,"column":4},"end":{"line":63,"column":20}},"40":{"start":{"line":66,"column":2},"end":{"line":85,"column":4}},"41":{"start":{"line":73,"column":25},"end":{"line":85,"column":4}},"42":{"start":{"line":74,"column":19},"end":{"line":74,"column":66}},"43":{"start":{"line":75,"column":4},"end":{"line":77,"column":5}},"44":{"start":{"line":76,"column":6},"end":{"line":76,"column":18}},"45":{"start":{"line":78,"column":4},"end":{"line":78,"column":25}},"46":{"start":{"line":79,"column":4},"end":{"line":79,"column":27}},"47":{"start":{"line":80,"column":4},"end":{"line":80,"column":23}},"48":{"start":{"line":81,"column":4},"end":{"line":81,"column":43}},"49":{"start":{"line":82,"column":4},"end":{"line":82,"column":47}},"50":{"start":{"line":83,"column":4},"end":{"line":83,"column":67}},"51":{"start":{"line":84,"column":4},"end":{"line":84,"column":50}},"52":{"start":{"line":87,"column":2},"end":{"line":91,"column":4}},"53":{"start":{"line":87,"column":55},"end":{"line":91,"column":4}},"54":{"start":{"line":88,"column":19},"end":{"line":88,"column":66}},"55":{"start":{"line":90,"column":4},"end":{"line":90,"column":51}},"56":{"start":{"line":93,"column":2},"end":{"line":113,"column":4}},"57":{"start":{"line":93,"column":57},"end":{"line":113,"column":4}},"58":{"start":{"line":94,"column":19},"end":{"line":94,"column":66}},"59":{"start":{"line":95,"column":4},"end":{"line":97,"column":5}},"60":{"start":{"line":96,"column":6},"end":{"line":96,"column":69}},"61":{"start":{"line":99,"column":19},"end":{"line":99,"column":68}},"62":{"start":{"line":100,"column":4},"end":{"line":102,"column":5}},"63":{"start":{"line":101,"column":6},"end":{"line":101,"column":73}},"64":{"start":{"line":103,"column":32},"end":{"line":107,"column":6}},"65":{"start":{"line":109,"column":18},"end":{"line":111,"column":6}},"66":{"start":{"line":112,"column":4},"end":{"line":112,"column":21}},"67":{"start":{"line":116,"column":0},"end":{"line":116,"column":31}}},"fnMap":{"0":{"name":"(anonymous_8)","decl":{"start":{"line":16,"column":2},"end":{"line":16,"column":22}},"loc":{"start":{"line":16,"column":60},"end":{"line":16,"column":64}}},"1":{"name":"(anonymous_9)","decl":{"start":{"line":18,"column":20},"end":{"line":18,"column":50}},"loc":{"start":{"line":18,"column":52},"end":{"line":21,"column":4}}},"2":{"name":"(anonymous_10)","decl":{"start":{"line":18,"column":52},"end":{"line":18,"column":null}},"loc":{"start":{"line":18,"column":52},"end":{"line":21,"column":3}}},"3":{"name":"(anonymous_11)","decl":{"start":{"line":23,"column":20},"end":{"line":23,"column":27}},"loc":{"start":{"line":23,"column":67},"end":{"line":25,"column":4}}},"4":{"name":"(anonymous_12)","decl":{"start":{"line":23,"column":67},"end":{"line":23,"column":null}},"loc":{"start":{"line":23,"column":67},"end":{"line":25,"column":3}}},"5":{"name":"(anonymous_13)","decl":{"start":{"line":27,"column":19},"end":{"line":27,"column":null}},"loc":{"start":{"line":29,"column":25},"end":{"line":64,"column":4}}},"6":{"name":"(anonymous_14)","decl":{"start":{"line":29,"column":25},"end":{"line":29,"column":null}},"loc":{"start":{"line":29,"column":25},"end":{"line":64,"column":3}}},"7":{"name":"(anonymous_15)","decl":{"start":{"line":66,"column":19},"end":{"line":66,"column":null}},"loc":{"start":{"line":73,"column":25},"end":{"line":85,"column":4}}},"8":{"name":"(anonymous_16)","decl":{"start":{"line":73,"column":25},"end":{"line":73,"column":null}},"loc":{"start":{"line":73,"column":25},"end":{"line":85,"column":3}}},"9":{"name":"(anonymous_17)","decl":{"start":{"line":87,"column":19},"end":{"line":87,"column":26}},"loc":{"start":{"line":87,"column":55},"end":{"line":91,"column":4}}},"10":{"name":"(anonymous_18)","decl":{"start":{"line":87,"column":55},"end":{"line":87,"column":null}},"loc":{"start":{"line":87,"column":55},"end":{"line":91,"column":3}}},"11":{"name":"(anonymous_19)","decl":{"start":{"line":93,"column":18},"end":{"line":93,"column":25}},"loc":{"start":{"line":93,"column":57},"end":{"line":113,"column":4}}},"12":{"name":"(anonymous_20)","decl":{"start":{"line":93,"column":57},"end":{"line":93,"column":null}},"loc":{"start":{"line":93,"column":57},"end":{"line":113,"column":3}}}},"branchMap":{"0":{"loc":{"start":{"line":39,"column":27},"end":{"line":41,"column":10}},"type":"cond-expr","locations":[{"start":{"line":40,"column":8},"end":{"line":40,"column":51}},{"start":{"line":41,"column":8},"end":{"line":41,"column":10}}]},"1":{"loc":{"start":{"line":52,"column":4},"end":{"line":58,"column":5}},"type":"if","locations":[{"start":{"line":52,"column":4},"end":{"line":58,"column":5}},{"start":{"line":54,"column":11},"end":{"line":58,"column":5}}]},"2":{"loc":{"start":{"line":75,"column":4},"end":{"line":77,"column":5}},"type":"if","locations":[{"start":{"line":75,"column":4},"end":{"line":77,"column":5}}]},"3":{"loc":{"start":{"line":95,"column":4},"end":{"line":97,"column":5}},"type":"if","locations":[{"start":{"line":95,"column":4},"end":{"line":97,"column":5}}]},"4":{"loc":{"start":{"line":100,"column":4},"end":{"line":102,"column":5}},"type":"if","locations":[{"start":{"line":100,"column":4},"end":{"line":102,"column":5}}]}},"s":{"0":1,"1":1,"2":1,"3":1,"4":1,"5":1,"6":1,"7":1,"8":1,"9":1,"10":1,"11":1,"12":1,"13":1,"14":1,"15":1,"16":1,"17":1,"18":0,"19":0,"20":0,"21":0,"22":0,"23":0,"24":0,"25":0,"26":0,"27":0,"28":0,"29":0,"30":0,"31":0,"32":0,"33":0,"34":0,"35":0,"36":0,"37":0,"38":0,"39":0,"40":1,"41":0,"42":0,"43":0,"44":0,"45":0,"46":0,"47":0,"48":0,"49":0,"50":0,"51":0,"52":1,"53":0,"54":0,"55":0,"56":1,"57":0,"58":0,"59":0,"60":0,"61":0,"62":0,"63":0,"64":0,"65":0,"66":0,"67":1},"f":{"0":1,"1":1,"2":1,"3":1,"4":1,"5":0,"6":0,"7":0,"8":0,"9":0,"10":0,"11":0,"12":0},"b":{"0":[0,0],"1":[0,0],"2":[0],"3":[0],"4":[0]}}
,"/home/niranjana/backend/src/utils/constants.ts": {"path":"/home/niranjana/backend/src/utils/constants.ts","statementMap":{"0":{"start":{"line":1,"column":13},"end":{"line":1,"column":43}},"1":{"start":{"line":2,"column":13},"end":{"line":2,"column":41}}},"fnMap":{},"branchMap":{},"s":{"0":1,"1":1},"f":{},"b":{}}
,"/home/niranjana/backend/src/utils/fizzBuzz.ts": {"path":"/home/niranjana/backend/src/utils/fizzBuzz.ts","statementMap":{"0":{"start":{"line":3,"column":6},"end":{"line":9,"column":7}},"1":{"start":{"line":4,"column":8},"end":{"line":4,"column":26}},"2":{"start":{"line":5,"column":13},"end":{"line":9,"column":7}},"3":{"start":{"line":6,"column":8},"end":{"line":6,"column":22}},"4":{"start":{"line":7,"column":13},"end":{"line":9,"column":7}},"5":{"start":{"line":8,"column":8},"end":{"line":8,"column":22}},"6":{"start":{"line":10,"column":6},"end":{"line":10,"column":17}},"7":{"start":{"line":13,"column":6},"end":{"line":13,"column":25}},"8":{"start":{"line":1,"column":0},"end":{"line":1,"column":21}},"9":{"start":{"line":17,"column":17},"end":{"line":17,"column":31}},"10":{"start":{"line":18,"column":2},"end":{"line":20,"column":3}},"11":{"start":{"line":18,"column":15},"end":{"line":18,"column":16}},"12":{"start":{"line":19,"column":4},"end":{"line":19,"column":38}}},"fnMap":{"0":{"name":"(anonymous_0)","decl":{"start":{"line":2,"column":11},"end":{"line":2,"column":19}},"loc":{"start":{"line":2,"column":31},"end":{"line":11,"column":5}}},"1":{"name":"(anonymous_1)","decl":{"start":{"line":12,"column":4},"end":{"line":12,"column":21}},"loc":{"start":{"line":12,"column":32},"end":{"line":14,"column":5}}}},"branchMap":{"0":{"loc":{"start":{"line":3,"column":6},"end":{"line":9,"column":7}},"type":"if","locations":[{"start":{"line":3,"column":6},"end":{"line":9,"column":7}},{"start":{"line":5,"column":13},"end":{"line":9,"column":7}}]},"1":{"loc":{"start":{"line":3,"column":10},"end":{"line":3,"column":53}},"type":"binary-expr","locations":[{"start":{"line":3,"column":10},"end":{"line":3,"column":37}},{"start":{"line":3,"column":41},"end":{"line":3,"column":53}}]},"2":{"loc":{"start":{"line":5,"column":13},"end":{"line":9,"column":7}},"type":"if","locations":[{"start":{"line":5,"column":13},"end":{"line":9,"column":7}},{"start":{"line":7,"column":13},"end":{"line":9,"column":7}}]},"3":{"loc":{"start":{"line":7,"column":13},"end":{"line":9,"column":7}},"type":"if","locations":[{"start":{"line":7,"column":13},"end":{"line":9,"column":7}}]}},"s":{"0":26,"1":4,"2":22,"3":4,"4":18,"5":7,"6":11,"7":26,"8":1,"9":1,"10":1,"11":1,"12":20},"f":{"0":26,"1":26},"b":{"0":[4,22],"1":[26,11],"2":[4,18],"3":[7]}}
,"/home/niranjana/backend/src/utils/role.enum.ts": {"path":"/home/niranjana/backend/src/utils/role.enum.ts","statementMap":{"0":{"start":{"line":1,"column":0},"end":{"line":1,"column":null}},"1":{"start":{"line":2,"column":4},"end":{"line":2,"column":null}},"2":{"start":{"line":3,"column":4},"end":{"line":3,"column":null}},"3":{"start":{"line":4,"column":4},"end":{"line":4,"column":null}},"4":{"start":{"line":5,"column":4},"end":{"line":5,"column":null}}},"fnMap":{"0":{"name":"(anonymous_0)","decl":{"start":{"line":1,"column":0},"end":{"line":1,"column":12}},"loc":{"start":{"line":1,"column":16},"end":{"line":6,"column":1}}}},"branchMap":{"0":{"loc":{"start":{"line":1,"column":12},"end":{"line":1,"column":null}},"type":"binary-expr","locations":[{"start":{"line":1,"column":12},"end":{"line":1,"column":16}},{"start":{"line":1,"column":16},"end":{"line":1,"column":null}}]}},"s":{"0":2,"1":2,"2":2,"3":2,"4":2},"f":{"0":2},"b":{"0":[2,2]}}
}
