{"/home/niranjana/training/node-training/src/app.ts": {"path":"/home/niranjana/training/node-training/src/app.ts","statementMap":{"0":{"start":{"line":2,"column":0},"end":{"line":2,"column":67}},"1":{"start":{"line":3,"column":0},"end":{"line":3,"column":54}},"2":{"start":{"line":4,"column":0},"end":{"line":4,"column":62}},"3":{"start":{"line":5,"column":0},"end":{"line":5,"column":37}},"4":{"start":{"line":6,"column":0},"end":{"line":6,"column":45}},"5":{"start":{"line":8,"column":0},"end":{"line":8,"column":60}},"6":{"start":{"line":11,"column":15},"end":{"line":11,"column":24}},"7":{"start":{"line":12,"column":0},"end":{"line":12,"column":30}},"8":{"start":{"line":13,"column":0},"end":{"line":13,"column":29}},"9":{"start":{"line":14,"column":0},"end":{"line":14,"column":41}},"10":{"start":{"line":15,"column":0},"end":{"line":15,"column":28}},"11":{"start":{"line":17,"column":0},"end":{"line":19,"column":3}},"12":{"start":{"line":18,"column":2},"end":{"line":18,"column":36}},"13":{"start":{"line":21,"column":0},"end":{"line":31,"column":5}},"14":{"start":{"line":21,"column":12},"end":{"line":31,"column":2}},"15":{"start":{"line":22,"column":2},"end":{"line":27,"column":3}},"16":{"start":{"line":23,"column":4},"end":{"line":23,"column":34}},"17":{"start":{"line":25,"column":4},"end":{"line":25,"column":56}},"18":{"start":{"line":26,"column":4},"end":{"line":26,"column":20}},"19":{"start":{"line":28,"column":2},"end":{"line":30,"column":5}},"20":{"start":{"line":29,"column":4},"end":{"line":29,"column":50}}},"fnMap":{"0":{"name":"(anonymous_8)","decl":{"start":{"line":17,"column":16},"end":{"line":17,"column":17}},"loc":{"start":{"line":17,"column":57},"end":{"line":19,"column":1}}},"1":{"name":"(anonymous_9)","decl":{"start":{"line":21,"column":1},"end":{"line":21,"column":10}},"loc":{"start":{"line":21,"column":12},"end":{"line":31,"column":2}}},"2":{"name":"(anonymous_10)","decl":{"start":{"line":21,"column":12},"end":{"line":21,"column":null}},"loc":{"start":{"line":21,"column":12},"end":{"line":31,"column":1}}},"3":{"name":"(anonymous_11)","decl":{"start":{"line":28,"column":22},"end":{"line":28,"column":25}},"loc":{"start":{"line":28,"column":27},"end":{"line":30,"column":3}}}},"branchMap":{},"s":{"0":0,"1":0,"2":0,"3":0,"4":0,"5":0,"6":0,"7":0,"8":0,"9":0,"10":0,"11":0,"12":0,"13":0,"14":0,"15":0,"16":0,"17":0,"18":0,"19":0,"20":0},"f":{"0":0,"1":0,"2":0,"3":0},"b":{}}
,"/home/niranjana/training/node-training/src/controller/employee.controller.ts": {"path":"/home/niranjana/training/node-training/src/controller/employee.controller.ts","statementMap":{"0":{"start":{"line":1,"column":0},"end":{"line":1,"column":52}},"1":{"start":{"line":6,"column":0},"end":{"line":6,"column":58}},"2":{"start":{"line":7,"column":0},"end":{"line":7,"column":52}},"3":{"start":{"line":8,"column":0},"end":{"line":8,"column":56}},"4":{"start":{"line":9,"column":0},"end":{"line":9,"column":43}},"5":{"start":{"line":10,"column":0},"end":{"line":10,"column":59}},"6":{"start":{"line":12,"column":0},"end":{"line":12,"column":42}},"7":{"start":{"line":19,"column":22},"end":{"line":19,"column":54}},"8":{"start":{"line":29,"column":9},"end":{"line":48,"column":4}},"9":{"start":{"line":33,"column":6},"end":{"line":48,"column":4}},"10":{"start":{"line":34,"column":4},"end":{"line":47,"column":5}},"11":{"start":{"line":35,"column":24},"end":{"line":35,"column":68}},"12":{"start":{"line":36,"column":6},"end":{"line":43,"column":7}},"13":{"start":{"line":37,"column":22},"end":{"line":40,"column":null}},"14":{"start":{"line":42,"column":8},"end":{"line":42,"column":20}},"15":{"start":{"line":44,"column":6},"end":{"line":44,"column":43}},"16":{"start":{"line":46,"column":6},"end":{"line":46,"column":16}},"17":{"start":{"line":50,"column":9},"end":{"line":71,"column":4}},"18":{"start":{"line":54,"column":6},"end":{"line":71,"column":4}},"19":{"start":{"line":55,"column":4},"end":{"line":70,"column":5}},"20":{"start":{"line":56,"column":23},"end":{"line":57,"column":null}},"21":{"start":{"line":59,"column":6},"end":{"line":66,"column":7}},"22":{"start":{"line":60,"column":22},"end":{"line":63,"column":null}},"23":{"start":{"line":65,"column":8},"end":{"line":65,"column":20}},"24":{"start":{"line":67,"column":6},"end":{"line":67,"column":42}},"25":{"start":{"line":69,"column":6},"end":{"line":69,"column":16}},"26":{"start":{"line":73,"column":9},"end":{"line":100,"column":4}},"27":{"start":{"line":77,"column":6},"end":{"line":100,"column":4}},"28":{"start":{"line":78,"column":4},"end":{"line":99,"column":5}},"29":{"start":{"line":79,"column":21},"end":{"line":79,"column":33}},"30":{"start":{"line":80,"column":8},"end":{"line":82,"column":9}},"31":{"start":{"line":81,"column":12},"end":{"line":81,"column":77}},"32":{"start":{"line":83,"column":26},"end":{"line":83,"column":74}},"33":{"start":{"line":84,"column":21},"end":{"line":84,"column":48}},"34":{"start":{"line":85,"column":6},"end":{"line":85,"column":41}},"35":{"start":{"line":86,"column":6},"end":{"line":96,"column":7}},"36":{"start":{"line":87,"column":22},"end":{"line":90,"column":null}},"37":{"start":{"line":92,"column":8},"end":{"line":92,"column":20}},"38":{"start":{"line":94,"column":25},"end":{"line":94,"column":79}},"39":{"start":{"line":95,"column":8},"end":{"line":95,"column":44}},"40":{"start":{"line":98,"column":6},"end":{"line":98,"column":16}},"41":{"start":{"line":102,"column":9},"end":{"line":131,"column":4}},"42":{"start":{"line":106,"column":6},"end":{"line":131,"column":4}},"43":{"start":{"line":107,"column":4},"end":{"line":130,"column":5}},"44":{"start":{"line":108,"column":26},"end":{"line":108,"column":74}},"45":{"start":{"line":109,"column":21},"end":{"line":109,"column":48}},"46":{"start":{"line":110,"column":6},"end":{"line":117,"column":7}},"47":{"start":{"line":111,"column":22},"end":{"line":114,"column":null}},"48":{"start":{"line":116,"column":8},"end":{"line":116,"column":20}},"49":{"start":{"line":119,"column":23},"end":{"line":124,"column":null}},"50":{"start":{"line":126,"column":6},"end":{"line":126,"column":42}},"51":{"start":{"line":128,"column":6},"end":{"line":128,"column":42}},"52":{"start":{"line":129,"column":6},"end":{"line":129,"column":16}},"53":{"start":{"line":133,"column":9},"end":{"line":158,"column":4}},"54":{"start":{"line":137,"column":6},"end":{"line":158,"column":4}},"55":{"start":{"line":138,"column":4},"end":{"line":157,"column":5}},"56":{"start":{"line":139,"column":23},"end":{"line":140,"column":null}},"57":{"start":{"line":142,"column":6},"end":{"line":154,"column":7}},"58":{"start":{"line":143,"column":22},"end":{"line":146,"column":null}},"59":{"start":{"line":148,"column":8},"end":{"line":148,"column":20}},"60":{"start":{"line":150,"column":23},"end":{"line":151,"column":null}},"61":{"start":{"line":153,"column":8},"end":{"line":153,"column":42}},"62":{"start":{"line":156,"column":6},"end":{"line":156,"column":16}},"63":{"start":{"line":160,"column":9},"end":{"line":174,"column":4}},"64":{"start":{"line":164,"column":6},"end":{"line":174,"column":4}},"65":{"start":{"line":165,"column":4},"end":{"line":173,"column":5}},"66":{"start":{"line":166,"column":31},"end":{"line":166,"column":43}},"67":{"start":{"line":168,"column":20},"end":{"line":168,"column":74}},"68":{"start":{"line":169,"column":6},"end":{"line":169,"column":25}},"69":{"start":{"line":170,"column":6},"end":{"line":170,"column":49}},"70":{"start":{"line":172,"column":6},"end":{"line":172,"column":16}},"71":{"start":{"line":20,"column":4},"end":{"line":20,"column":27}},"72":{"start":{"line":21,"column":4},"end":{"line":21,"column":47}},"73":{"start":{"line":22,"column":4},"end":{"line":22,"column":58}},"74":{"start":{"line":23,"column":4},"end":{"line":23,"column":58}},"75":{"start":{"line":24,"column":4},"end":{"line":24,"column":57}},"76":{"start":{"line":25,"column":4},"end":{"line":25,"column":60}},"77":{"start":{"line":26,"column":4},"end":{"line":26,"column":51}},"78":{"start":{"line":177,"column":0},"end":{"line":177,"column":34}}},"fnMap":{"0":{"name":"(anonymous_8)","decl":{"start":{"line":19,"column":2},"end":{"line":19,"column":22}},"loc":{"start":{"line":19,"column":54},"end":{"line":27,"column":3}}},"1":{"name":"(anonymous_9)","decl":{"start":{"line":29,"column":27},"end":{"line":29,"column":null}},"loc":{"start":{"line":33,"column":6},"end":{"line":48,"column":4}}},"2":{"name":"(anonymous_10)","decl":{"start":{"line":33,"column":6},"end":{"line":33,"column":null}},"loc":{"start":{"line":33,"column":6},"end":{"line":48,"column":3}}},"3":{"name":"(anonymous_11)","decl":{"start":{"line":50,"column":27},"end":{"line":50,"column":null}},"loc":{"start":{"line":54,"column":6},"end":{"line":71,"column":4}}},"4":{"name":"(anonymous_12)","decl":{"start":{"line":54,"column":6},"end":{"line":54,"column":null}},"loc":{"start":{"line":54,"column":6},"end":{"line":71,"column":3}}},"5":{"name":"(anonymous_13)","decl":{"start":{"line":73,"column":26},"end":{"line":73,"column":null}},"loc":{"start":{"line":77,"column":6},"end":{"line":100,"column":4}}},"6":{"name":"(anonymous_14)","decl":{"start":{"line":77,"column":6},"end":{"line":77,"column":null}},"loc":{"start":{"line":77,"column":6},"end":{"line":100,"column":3}}},"7":{"name":"(anonymous_15)","decl":{"start":{"line":102,"column":26},"end":{"line":102,"column":null}},"loc":{"start":{"line":106,"column":6},"end":{"line":131,"column":4}}},"8":{"name":"(anonymous_16)","decl":{"start":{"line":106,"column":6},"end":{"line":106,"column":null}},"loc":{"start":{"line":106,"column":6},"end":{"line":131,"column":3}}},"9":{"name":"(anonymous_17)","decl":{"start":{"line":133,"column":26},"end":{"line":133,"column":null}},"loc":{"start":{"line":137,"column":6},"end":{"line":158,"column":4}}},"10":{"name":"(anonymous_18)","decl":{"start":{"line":137,"column":6},"end":{"line":137,"column":null}},"loc":{"start":{"line":137,"column":6},"end":{"line":158,"column":3}}},"11":{"name":"(anonymous_19)","decl":{"start":{"line":160,"column":25},"end":{"line":160,"column":null}},"loc":{"start":{"line":164,"column":6},"end":{"line":174,"column":4}}},"12":{"name":"(anonymous_20)","decl":{"start":{"line":164,"column":6},"end":{"line":164,"column":null}},"loc":{"start":{"line":164,"column":6},"end":{"line":174,"column":3}}}},"branchMap":{"0":{"loc":{"start":{"line":36,"column":6},"end":{"line":43,"column":7}},"type":"if","locations":[{"start":{"line":36,"column":6},"end":{"line":43,"column":7}}]},"1":{"loc":{"start":{"line":59,"column":6},"end":{"line":66,"column":7}},"type":"if","locations":[{"start":{"line":59,"column":6},"end":{"line":66,"column":7}}]},"2":{"loc":{"start":{"line":80,"column":8},"end":{"line":82,"column":9}},"type":"if","locations":[{"start":{"line":80,"column":8},"end":{"line":82,"column":9}}]},"3":{"loc":{"start":{"line":86,"column":6},"end":{"line":96,"column":7}},"type":"if","locations":[{"start":{"line":86,"column":6},"end":{"line":96,"column":7}},{"start":{"line":93,"column":13},"end":{"line":96,"column":7}}]},"4":{"loc":{"start":{"line":110,"column":6},"end":{"line":117,"column":7}},"type":"if","locations":[{"start":{"line":110,"column":6},"end":{"line":117,"column":7}}]},"5":{"loc":{"start":{"line":142,"column":6},"end":{"line":154,"column":7}},"type":"if","locations":[{"start":{"line":142,"column":6},"end":{"line":154,"column":7}},{"start":{"line":149,"column":13},"end":{"line":154,"column":7}}]}},"s":{"0":0,"1":0,"2":0,"3":0,"4":0,"5":0,"6":0,"7":0,"8":0,"9":0,"10":0,"11":0,"12":0,"13":0,"14":0,"15":0,"16":0,"17":0,"18":0,"19":0,"20":0,"21":0,"22":0,"23":0,"24":0,"25":0,"26":0,"27":0,"28":0,"29":0,"30":0,"31":0,"32":0,"33":0,"34":0,"35":0,"36":0,"37":0,"38":0,"39":0,"40":0,"41":0,"42":0,"43":0,"44":0,"45":0,"46":0,"47":0,"48":0,"49":0,"50":0,"51":0,"52":0,"53":0,"54":0,"55":0,"56":0,"57":0,"58":0,"59":0,"60":0,"61":0,"62":0,"63":0,"64":0,"65":0,"66":0,"67":0,"68":0,"69":0,"70":0,"71":0,"72":0,"73":0,"74":0,"75":0,"76":0,"77":0,"78":0},"f":{"0":0,"1":0,"2":0,"3":0,"4":0,"5":0,"6":0,"7":0,"8":0,"9":0,"10":0,"11":0,"12":0},"b":{"0":[0],"1":[0],"2":[0],"3":[0,0],"4":[0],"5":[0,0]}}
,"/home/niranjana/training/node-training/src/db/data-source.db.ts": {"path":"/home/niranjana/training/node-training/src/db/data-source.db.ts","statementMap":{"0":{"start":{"line":1,"column":0},"end":{"line":1,"column":26}},"1":{"start":{"line":2,"column":0},"end":{"line":2,"column":37}},"2":{"start":{"line":3,"column":0},"end":{"line":3,"column":64}},"3":{"start":{"line":7,"column":22},"end":{"line":20,"column":2}},"4":{"start":{"line":22,"column":0},"end":{"line":22,"column":29}}},"fnMap":{},"branchMap":{},"s":{"0":0,"1":0,"2":0,"3":0,"4":0},"f":{},"b":{}}
,"/home/niranjana/training/node-training/src/db/migrations/1720084002931-create-employee.ts": {"path":"/home/niranjana/training/node-training/src/db/migrations/1720084002931-create-employee.ts","statementMap":{"0":{"start":{"line":4,"column":4},"end":{"line":4,"column":null}},"1":{"start":{"line":7,"column":8},"end":{"line":7,"column":335}},"2":{"start":{"line":11,"column":8},"end":{"line":11,"column":57}},"3":{"start":{"line":3,"column":0},"end":{"line":3,"column":13}}},"fnMap":{"0":{"name":"(anonymous_7)","decl":{"start":{"line":3,"column":0},"end":{"line":3,"column":13}},"loc":{"start":{"line":3,"column":0},"end":{"line":14,"column":1}}},"1":{"name":"(anonymous_8)","decl":{"start":{"line":6,"column":17},"end":{"line":6,"column":19}},"loc":{"start":{"line":6,"column":44},"end":{"line":8,"column":null}}},"2":{"name":"(anonymous_10)","decl":{"start":{"line":10,"column":17},"end":{"line":10,"column":21}},"loc":{"start":{"line":10,"column":46},"end":{"line":12,"column":null}}}},"branchMap":{},"s":{"0":0,"1":0,"2":0,"3":0},"f":{"0":0,"1":0,"2":0},"b":{}}
,"/home/niranjana/training/node-training/src/db/migrations/1720084324368-add-age-to-employee.ts": {"path":"/home/niranjana/training/node-training/src/db/migrations/1720084324368-add-age-to-employee.ts","statementMap":{"0":{"start":{"line":4,"column":4},"end":{"line":4,"column":null}},"1":{"start":{"line":7,"column":8},"end":{"line":7,"column":85}},"2":{"start":{"line":11,"column":8},"end":{"line":11,"column":76}},"3":{"start":{"line":3,"column":0},"end":{"line":3,"column":13}}},"fnMap":{"0":{"name":"(anonymous_7)","decl":{"start":{"line":3,"column":0},"end":{"line":3,"column":13}},"loc":{"start":{"line":3,"column":0},"end":{"line":14,"column":1}}},"1":{"name":"(anonymous_8)","decl":{"start":{"line":6,"column":17},"end":{"line":6,"column":19}},"loc":{"start":{"line":6,"column":44},"end":{"line":8,"column":null}}},"2":{"name":"(anonymous_10)","decl":{"start":{"line":10,"column":17},"end":{"line":10,"column":21}},"loc":{"start":{"line":10,"column":46},"end":{"line":12,"column":null}}}},"branchMap":{},"s":{"0":0,"1":0,"2":0,"3":0},"f":{"0":0,"1":0,"2":0},"b":{}}
,"/home/niranjana/training/node-training/src/db/migrations/1720090331639-address-entity-creation.ts": {"path":"/home/niranjana/training/node-training/src/db/migrations/1720090331639-address-entity-creation.ts","statementMap":{"0":{"start":{"line":4,"column":4},"end":{"line":4,"column":null}},"1":{"start":{"line":7,"column":8},"end":{"line":7,"column":428}},"2":{"start":{"line":8,"column":8},"end":{"line":8,"column":201}},"3":{"start":{"line":12,"column":8},"end":{"line":12,"column":106}},"4":{"start":{"line":13,"column":8},"end":{"line":13,"column":56}},"5":{"start":{"line":3,"column":0},"end":{"line":3,"column":13}}},"fnMap":{"0":{"name":"(anonymous_7)","decl":{"start":{"line":3,"column":0},"end":{"line":3,"column":13}},"loc":{"start":{"line":3,"column":0},"end":{"line":16,"column":1}}},"1":{"name":"(anonymous_8)","decl":{"start":{"line":6,"column":17},"end":{"line":6,"column":19}},"loc":{"start":{"line":6,"column":44},"end":{"line":9,"column":null}}},"2":{"name":"(anonymous_10)","decl":{"start":{"line":11,"column":17},"end":{"line":11,"column":21}},"loc":{"start":{"line":11,"column":46},"end":{"line":14,"column":null}}}},"branchMap":{},"s":{"0":0,"1":0,"2":0,"3":0,"4":0,"5":0},"f":{"0":0,"1":0,"2":0},"b":{}}
,"/home/niranjana/training/node-training/src/db/migrations/1720156385112-add-password-and-role-to-employee.ts": {"path":"/home/niranjana/training/node-training/src/db/migrations/1720156385112-add-password-and-role-to-employee.ts","statementMap":{"0":{"start":{"line":4,"column":4},"end":{"line":4,"column":null}},"1":{"start":{"line":7,"column":8},"end":{"line":7,"column":91}},"2":{"start":{"line":8,"column":8},"end":{"line":8,"column":87}},"3":{"start":{"line":12,"column":8},"end":{"line":12,"column":77}},"4":{"start":{"line":13,"column":8},"end":{"line":13,"column":81}},"5":{"start":{"line":3,"column":0},"end":{"line":3,"column":13}}},"fnMap":{"0":{"name":"(anonymous_7)","decl":{"start":{"line":3,"column":0},"end":{"line":3,"column":13}},"loc":{"start":{"line":3,"column":0},"end":{"line":16,"column":1}}},"1":{"name":"(anonymous_8)","decl":{"start":{"line":6,"column":17},"end":{"line":6,"column":19}},"loc":{"start":{"line":6,"column":44},"end":{"line":9,"column":null}}},"2":{"name":"(anonymous_10)","decl":{"start":{"line":11,"column":17},"end":{"line":11,"column":21}},"loc":{"start":{"line":11,"column":46},"end":{"line":14,"column":null}}}},"branchMap":{},"s":{"0":0,"1":0,"2":0,"3":0,"4":0,"5":0},"f":{"0":0,"1":0,"2":0},"b":{}}
,"/home/niranjana/training/node-training/src/dto/address.dto.ts": {"path":"/home/niranjana/training/node-training/src/dto/address.dto.ts","statementMap":{"0":{"start":{"line":1,"column":0},"end":{"line":1,"column":55}},"1":{"start":{"line":3,"column":0},"end":{"line":3,"column":13}},"2":{"start":{"line":6,"column":4},"end":{"line":6,"column":null}},"3":{"start":{"line":10,"column":4},"end":{"line":10,"column":null}}},"fnMap":{},"branchMap":{},"s":{"0":0,"1":0,"2":0,"3":0},"f":{},"b":{}}
,"/home/niranjana/training/node-training/src/dto/employee.dto.ts": {"path":"/home/niranjana/training/node-training/src/dto/employee.dto.ts","statementMap":{"0":{"start":{"line":1,"column":0},"end":{"line":1,"column":105}},"1":{"start":{"line":3,"column":0},"end":{"line":3,"column":48}},"2":{"start":{"line":4,"column":0},"end":{"line":4,"column":40}},"3":{"start":{"line":5,"column":0},"end":{"line":5,"column":25}},"4":{"start":{"line":6,"column":0},"end":{"line":6,"column":41}},"5":{"start":{"line":8,"column":0},"end":{"line":8,"column":13}},"6":{"start":{"line":11,"column":4},"end":{"line":11,"column":null}},"7":{"start":{"line":16,"column":4},"end":{"line":16,"column":null}},"8":{"start":{"line":20,"column":4},"end":{"line":20,"column":null}},"9":{"start":{"line":26,"column":4},"end":{"line":26,"column":null}},"10":{"start":{"line":25,"column":16},"end":{"line":25,"column":32}},"11":{"start":{"line":30,"column":4},"end":{"line":30,"column":null}},"12":{"start":{"line":34,"column":4},"end":{"line":34,"column":null}}},"fnMap":{"0":{"name":"(anonymous_2)","decl":{"start":{"line":25,"column":10},"end":{"line":25,"column":13}},"loc":{"start":{"line":25,"column":16},"end":{"line":25,"column":32}}}},"branchMap":{},"s":{"0":0,"1":0,"2":0,"3":0,"4":0,"5":0,"6":0,"7":0,"8":0,"9":0,"10":0,"11":0,"12":0},"f":{"0":0},"b":{}}
,"/home/niranjana/training/node-training/src/entity/abstract-entity.ts": {"path":"/home/niranjana/training/node-training/src/entity/abstract-entity.ts","statementMap":{"0":{"start":{"line":1,"column":0},"end":{"line":1,"column":103}},"1":{"start":{"line":3,"column":0},"end":{"line":3,"column":21}},"2":{"start":{"line":5,"column":4},"end":{"line":5,"column":null}},"3":{"start":{"line":8,"column":4},"end":{"line":8,"column":null}},"4":{"start":{"line":11,"column":4},"end":{"line":11,"column":null}},"5":{"start":{"line":14,"column":4},"end":{"line":14,"column":null}}},"fnMap":{},"branchMap":{},"s":{"0":0,"1":0,"2":0,"3":0,"4":0,"5":0},"f":{},"b":{}}
,"/home/niranjana/training/node-training/src/entity/address.entity.ts": {"path":"/home/niranjana/training/node-training/src/entity/address.entity.ts","statementMap":{"0":{"start":{"line":1,"column":0},"end":{"line":1,"column":63}},"1":{"start":{"line":2,"column":0},"end":{"line":2,"column":47}},"2":{"start":{"line":3,"column":0},"end":{"line":3,"column":41}},"3":{"start":{"line":6,"column":15},"end":{"line":17,"column":null}},"4":{"start":{"line":9,"column":4},"end":{"line":9,"column":null}},"5":{"start":{"line":12,"column":4},"end":{"line":12,"column":null}},"6":{"start":{"line":16,"column":4},"end":{"line":16,"column":null}},"7":{"start":{"line":14,"column":20},"end":{"line":14,"column":28}},"8":{"start":{"line":14,"column":44},"end":{"line":14,"column":60}},"9":{"start":{"line":6,"column":21},"end":{"line":17,"column":null}},"10":{"start":{"line":6,"column":21},"end":{"line":6,"column":29}}},"fnMap":{"0":{"name":"(anonymous_3)","decl":{"start":{"line":14,"column":14},"end":{"line":14,"column":17}},"loc":{"start":{"line":14,"column":20},"end":{"line":14,"column":28}}},"1":{"name":"(anonymous_4)","decl":{"start":{"line":14,"column":30},"end":{"line":14,"column":31}},"loc":{"start":{"line":14,"column":44},"end":{"line":14,"column":60}}}},"branchMap":{},"s":{"0":0,"1":0,"2":0,"3":0,"4":0,"5":0,"6":0,"7":0,"8":0,"9":0,"10":0},"f":{"0":0,"1":0},"b":{}}
,"/home/niranjana/training/node-training/src/entity/employee.entity.ts": {"path":"/home/niranjana/training/node-training/src/entity/employee.entity.ts","statementMap":{"0":{"start":{"line":1,"column":0},"end":{"line":1,"column":null}},"1":{"start":{"line":7,"column":0},"end":{"line":7,"column":47}},"2":{"start":{"line":8,"column":0},"end":{"line":8,"column":39}},"3":{"start":{"line":9,"column":0},"end":{"line":9,"column":42}},"4":{"start":{"line":12,"column":15},"end":{"line":35,"column":null}},"5":{"start":{"line":15,"column":2},"end":{"line":15,"column":null}},"6":{"start":{"line":18,"column":2},"end":{"line":18,"column":null}},"7":{"start":{"line":21,"column":2},"end":{"line":21,"column":null}},"8":{"start":{"line":27,"column":2},"end":{"line":27,"column":null}},"9":{"start":{"line":23,"column":18},"end":{"line":23,"column":25}},"10":{"start":{"line":23,"column":40},"end":{"line":23,"column":56}},"11":{"start":{"line":30,"column":2},"end":{"line":30,"column":null}},"12":{"start":{"line":33,"column":2},"end":{"line":33,"column":null}},"13":{"start":{"line":12,"column":21},"end":{"line":35,"column":null}},"14":{"start":{"line":12,"column":21},"end":{"line":12,"column":30}}},"fnMap":{"0":{"name":"(anonymous_3)","decl":{"start":{"line":23,"column":12},"end":{"line":23,"column":15}},"loc":{"start":{"line":23,"column":18},"end":{"line":23,"column":25}}},"1":{"name":"(anonymous_4)","decl":{"start":{"line":23,"column":27},"end":{"line":23,"column":28}},"loc":{"start":{"line":23,"column":40},"end":{"line":23,"column":56}}}},"branchMap":{},"s":{"0":0,"1":0,"2":0,"3":0,"4":0,"5":0,"6":0,"7":0,"8":0,"9":0,"10":0,"11":0,"12":0,"13":0,"14":0},"f":{"0":0,"1":0},"b":{}}
,"/home/niranjana/training/node-training/src/exceptions/http.exceptions.ts": {"path":"/home/niranjana/training/node-training/src/exceptions/http.exceptions.ts","statementMap":{"0":{"start":{"line":6,"column":8},"end":{"line":6,"column":23}},"1":{"start":{"line":7,"column":8},"end":{"line":7,"column":28}},"2":{"start":{"line":8,"column":8},"end":{"line":8,"column":29}},"3":{"start":{"line":1,"column":0},"end":{"line":1,"column":21}}},"fnMap":{"0":{"name":"(anonymous_0)","decl":{"start":{"line":5,"column":4},"end":{"line":5,"column":16}},"loc":{"start":{"line":5,"column":62},"end":{"line":9,"column":5}}}},"branchMap":{},"s":{"0":0,"1":0,"2":0,"3":0},"f":{"0":0},"b":{}}
,"/home/niranjana/training/node-training/src/middleware/authorize.middleware.ts": {"path":"/home/niranjana/training/node-training/src/middleware/authorize.middleware.ts","statementMap":{"0":{"start":{"line":4,"column":0},"end":{"line":4,"column":40}},"1":{"start":{"line":5,"column":0},"end":{"line":5,"column":48}},"2":{"start":{"line":7,"column":18},"end":{"line":22,"column":null}},"3":{"start":{"line":7,"column":93},"end":{"line":22,"column":null}},"4":{"start":{"line":8,"column":4},"end":{"line":20,"column":5}},"5":{"start":{"line":11,"column":22},"end":{"line":11,"column":53}},"6":{"start":{"line":12,"column":25},"end":{"line":12,"column":62}},"7":{"start":{"line":13,"column":8},"end":{"line":13,"column":52}},"8":{"start":{"line":14,"column":8},"end":{"line":14,"column":54}},"9":{"start":{"line":15,"column":8},"end":{"line":15,"column":52}},"10":{"start":{"line":16,"column":8},"end":{"line":16,"column":22}},"11":{"start":{"line":19,"column":8},"end":{"line":19,"column":20}},"12":{"start":{"line":24,"column":0},"end":{"line":24,"column":25}}},"fnMap":{"0":{"name":"(anonymous_8)","decl":{"start":{"line":7,"column":18},"end":{"line":7,"column":25}},"loc":{"start":{"line":7,"column":93},"end":{"line":22,"column":null}}},"1":{"name":"(anonymous_9)","decl":{"start":{"line":7,"column":93},"end":{"line":7,"column":null}},"loc":{"start":{"line":7,"column":93},"end":{"line":22,"column":1}}}},"branchMap":{},"s":{"0":0,"1":0,"2":0,"3":0,"4":0,"5":0,"6":0,"7":0,"8":0,"9":0,"10":0,"11":0,"12":0},"f":{"0":0,"1":0},"b":{}}
,"/home/niranjana/training/node-training/src/middleware/error.middleware.ts": {"path":"/home/niranjana/training/node-training/src/middleware/error.middleware.ts","statementMap":{"0":{"start":{"line":2,"column":0},"end":{"line":2,"column":57}},"1":{"start":{"line":4,"column":24},"end":{"line":25,"column":1}},"2":{"start":{"line":10,"column":4},"end":{"line":24,"column":5}},"3":{"start":{"line":11,"column":8},"end":{"line":21,"column":9}},"4":{"start":{"line":12,"column":38},"end":{"line":12,"column":49}},"5":{"start":{"line":13,"column":35},"end":{"line":13,"column":54}},"6":{"start":{"line":14,"column":34},"end":{"line":14,"column":97}},"7":{"start":{"line":15,"column":31},"end":{"line":15,"column":68}},"8":{"start":{"line":16,"column":27},"end":{"line":16,"column":90}},"9":{"start":{"line":17,"column":12},"end":{"line":17,"column":46}},"10":{"start":{"line":19,"column":12},"end":{"line":19,"column":39}},"11":{"start":{"line":20,"column":12},"end":{"line":20,"column":59}},"12":{"start":{"line":23,"column":8},"end":{"line":23,"column":20}},"13":{"start":{"line":27,"column":0},"end":{"line":27,"column":31}}},"fnMap":{"0":{"name":"(anonymous_1)","decl":{"start":{"line":4,"column":24},"end":{"line":4,"column":null}},"loc":{"start":{"line":9,"column":4},"end":{"line":25,"column":1}}}},"branchMap":{"0":{"loc":{"start":{"line":11,"column":8},"end":{"line":21,"column":9}},"type":"if","locations":[{"start":{"line":11,"column":8},"end":{"line":21,"column":9}},{"start":{"line":18,"column":15},"end":{"line":21,"column":9}}]},"1":{"loc":{"start":{"line":13,"column":35},"end":{"line":13,"column":54}},"type":"binary-expr","locations":[{"start":{"line":13,"column":35},"end":{"line":13,"column":47}},{"start":{"line":13,"column":51},"end":{"line":13,"column":54}}]},"2":{"loc":{"start":{"line":14,"column":34},"end":{"line":14,"column":97}},"type":"binary-expr","locations":[{"start":{"line":14,"column":34},"end":{"line":14,"column":63}},{"start":{"line":14,"column":66},"end":{"line":14,"column":97}}]}},"s":{"0":0,"1":0,"2":0,"3":0,"4":0,"5":0,"6":0,"7":0,"8":0,"9":0,"10":0,"11":0,"12":0,"13":0},"f":{"0":0},"b":{"0":[0,0],"1":[0,0],"2":[0,0]}}
,"/home/niranjana/training/node-training/src/middleware/logger.middleware.ts": {"path":"/home/niranjana/training/node-training/src/middleware/logger.middleware.ts","statementMap":{"0":{"start":{"line":4,"column":25},"end":{"line":9,"column":1}},"1":{"start":{"line":5,"column":4},"end":{"line":5,"column":64}},"2":{"start":{"line":7,"column":4},"end":{"line":7,"column":null}},"3":{"start":{"line":8,"column":4},"end":{"line":8,"column":11}},"4":{"start":{"line":11,"column":0},"end":{"line":11,"column":32}}},"fnMap":{"0":{"name":"(anonymous_0)","decl":{"start":{"line":4,"column":25},"end":{"line":4,"column":26}},"loc":{"start":{"line":4,"column":75},"end":{"line":9,"column":1}}}},"branchMap":{},"s":{"0":0,"1":0,"2":0,"3":0,"4":0},"f":{"0":0},"b":{}}
,"/home/niranjana/training/node-training/src/repository/employee.repository.ts": {"path":"/home/niranjana/training/node-training/src/repository/employee.repository.ts","statementMap":{"0":{"start":{"line":8,"column":22},"end":{"line":8,"column":54}},"1":{"start":{"line":12,"column":2},"end":{"line":16,"column":null}},"2":{"start":{"line":12,"column":41},"end":{"line":16,"column":null}},"3":{"start":{"line":13,"column":4},"end":{"line":13,"column":null}},"4":{"start":{"line":14,"column":4},"end":{"line":14,"column":58}},"5":{"start":{"line":18,"column":2},"end":{"line":22,"column":null}},"6":{"start":{"line":18,"column":76},"end":{"line":22,"column":null}},"7":{"start":{"line":19,"column":4},"end":{"line":21,"column":7}},"8":{"start":{"line":24,"column":2},"end":{"line":26,"column":null}},"9":{"start":{"line":24,"column":57},"end":{"line":26,"column":null}},"10":{"start":{"line":25,"column":4},"end":{"line":25,"column":42}},"11":{"start":{"line":35,"column":2},"end":{"line":37,"column":null}},"12":{"start":{"line":35,"column":55},"end":{"line":37,"column":null}},"13":{"start":{"line":36,"column":4},"end":{"line":36,"column":47}},"14":{"start":{"line":39,"column":2},"end":{"line":41,"column":null}},"15":{"start":{"line":39,"column":48},"end":{"line":41,"column":null}},"16":{"start":{"line":40,"column":4},"end":{"line":40,"column":null}},"17":{"start":{"line":9,"column":4},"end":{"line":9,"column":33}},"18":{"start":{"line":46,"column":0},"end":{"line":46,"column":34}}},"fnMap":{"0":{"name":"(anonymous_7)","decl":{"start":{"line":8,"column":2},"end":{"line":8,"column":22}},"loc":{"start":{"line":8,"column":54},"end":{"line":10,"column":3}}},"1":{"name":"(anonymous_8)","decl":{"start":{"line":12,"column":9},"end":{"line":12,"column":39}},"loc":{"start":{"line":12,"column":41},"end":{"line":16,"column":null}}},"2":{"name":"(anonymous_9)","decl":{"start":{"line":12,"column":41},"end":{"line":12,"column":null}},"loc":{"start":{"line":12,"column":41},"end":{"line":16,"column":3}}},"3":{"name":"(anonymous_10)","decl":{"start":{"line":18,"column":14},"end":{"line":18,"column":21}},"loc":{"start":{"line":18,"column":76},"end":{"line":22,"column":null}}},"4":{"name":"(anonymous_11)","decl":{"start":{"line":18,"column":76},"end":{"line":18,"column":null}},"loc":{"start":{"line":18,"column":76},"end":{"line":22,"column":3}}},"5":{"name":"(anonymous_12)","decl":{"start":{"line":24,"column":9},"end":{"line":24,"column":16}},"loc":{"start":{"line":24,"column":57},"end":{"line":26,"column":null}}},"6":{"name":"(anonymous_13)","decl":{"start":{"line":24,"column":57},"end":{"line":24,"column":null}},"loc":{"start":{"line":24,"column":57},"end":{"line":26,"column":3}}},"7":{"name":"(anonymous_14)","decl":{"start":{"line":35,"column":11},"end":{"line":35,"column":18}},"loc":{"start":{"line":35,"column":55},"end":{"line":37,"column":null}}},"8":{"name":"(anonymous_15)","decl":{"start":{"line":35,"column":55},"end":{"line":35,"column":null}},"loc":{"start":{"line":35,"column":55},"end":{"line":37,"column":3}}},"9":{"name":"(anonymous_16)","decl":{"start":{"line":39,"column":11},"end":{"line":39,"column":18}},"loc":{"start":{"line":39,"column":48},"end":{"line":41,"column":null}}},"10":{"name":"(anonymous_17)","decl":{"start":{"line":39,"column":48},"end":{"line":39,"column":null}},"loc":{"start":{"line":39,"column":48},"end":{"line":41,"column":3}}}},"branchMap":{},"s":{"0":0,"1":0,"2":0,"3":0,"4":0,"5":0,"6":0,"7":0,"8":0,"9":0,"10":0,"11":0,"12":0,"13":0,"14":0,"15":0,"16":0,"17":0,"18":0},"f":{"0":0,"1":0,"2":0,"3":0,"4":0,"5":0,"6":0,"7":0,"8":0,"9":0,"10":0},"b":{}}
,"/home/niranjana/training/node-training/src/routes/employee.router.ts": {"path":"/home/niranjana/training/node-training/src/routes/employee.router.ts","statementMap":{"0":{"start":{"line":1,"column":0},"end":{"line":1,"column":67}},"1":{"start":{"line":2,"column":0},"end":{"line":2,"column":67}},"2":{"start":{"line":3,"column":0},"end":{"line":3,"column":58}},"3":{"start":{"line":4,"column":0},"end":{"line":4,"column":49}},"4":{"start":{"line":5,"column":0},"end":{"line":5,"column":49}},"5":{"start":{"line":7,"column":27},"end":{"line":7,"column":133}},"6":{"start":{"line":8,"column":23},"end":{"line":8,"column":48}},"7":{"start":{"line":10,"column":0},"end":{"line":10,"column":30}}},"fnMap":{},"branchMap":{},"s":{"0":0,"1":0,"2":0,"3":0,"4":0,"5":0,"6":0,"7":0},"f":{},"b":{}}
,"/home/niranjana/training/node-training/src/service/employee.service.ts": {"path":"/home/niranjana/training/node-training/src/service/employee.service.ts","statementMap":{"0":{"start":{"line":2,"column":0},"end":{"line":2,"column":47}},"1":{"start":{"line":3,"column":0},"end":{"line":3,"column":49}},"2":{"start":{"line":4,"column":0},"end":{"line":4,"column":58}},"3":{"start":{"line":6,"column":0},"end":{"line":6,"column":28}},"4":{"start":{"line":7,"column":0},"end":{"line":7,"column":40}},"5":{"start":{"line":9,"column":0},"end":{"line":9,"column":62}},"6":{"start":{"line":11,"column":22},"end":{"line":11,"column":60}},"7":{"start":{"line":13,"column":2},"end":{"line":16,"column":4}},"8":{"start":{"line":13,"column":52},"end":{"line":16,"column":4}},"9":{"start":{"line":14,"column":4},"end":{"line":14,"column":48}},"10":{"start":{"line":15,"column":4},"end":{"line":15,"column":42}},"11":{"start":{"line":18,"column":2},"end":{"line":20,"column":4}},"12":{"start":{"line":18,"column":67},"end":{"line":20,"column":4}},"13":{"start":{"line":19,"column":4},"end":{"line":19,"column":53}},"14":{"start":{"line":22,"column":2},"end":{"line":40,"column":4}},"15":{"start":{"line":24,"column":25},"end":{"line":40,"column":4}},"16":{"start":{"line":25,"column":24},"end":{"line":25,"column":38}},"17":{"start":{"line":27,"column":4},"end":{"line":27,"column":42}},"18":{"start":{"line":28,"column":4},"end":{"line":28,"column":38}},"19":{"start":{"line":29,"column":4},"end":{"line":29,"column":40}},"20":{"start":{"line":30,"column":23},"end":{"line":30,"column":36}},"21":{"start":{"line":31,"column":4},"end":{"line":31,"column":49}},"22":{"start":{"line":32,"column":4},"end":{"line":32,"column":53}},"23":{"start":{"line":33,"column":4},"end":{"line":33,"column":37}},"24":{"start":{"line":34,"column":4},"end":{"line":36,"column":11}},"25":{"start":{"line":37,"column":4},"end":{"line":37,"column":40}},"26":{"start":{"line":38,"column":4},"end":{"line":38,"column":29}},"27":{"start":{"line":39,"column":4},"end":{"line":39,"column":53}},"28":{"start":{"line":42,"column":2},"end":{"line":59,"column":4}},"29":{"start":{"line":48,"column":25},"end":{"line":59,"column":4}},"30":{"start":{"line":49,"column":19},"end":{"line":49,"column":66}},"31":{"start":{"line":50,"column":4},"end":{"line":52,"column":5}},"32":{"start":{"line":51,"column":6},"end":{"line":51,"column":18}},"33":{"start":{"line":53,"column":4},"end":{"line":53,"column":25}},"34":{"start":{"line":54,"column":4},"end":{"line":54,"column":27}},"35":{"start":{"line":55,"column":4},"end":{"line":55,"column":23}},"36":{"start":{"line":56,"column":4},"end":{"line":56,"column":43}},"37":{"start":{"line":57,"column":4},"end":{"line":57,"column":47}},"38":{"start":{"line":58,"column":4},"end":{"line":58,"column":50}},"39":{"start":{"line":61,"column":2},"end":{"line":64,"column":4}},"40":{"start":{"line":61,"column":55},"end":{"line":64,"column":4}},"41":{"start":{"line":62,"column":19},"end":{"line":62,"column":66}},"42":{"start":{"line":63,"column":4},"end":{"line":63,"column":51}},"43":{"start":{"line":66,"column":2},"end":{"line":84,"column":4}},"44":{"start":{"line":66,"column":57},"end":{"line":84,"column":4}},"45":{"start":{"line":67,"column":19},"end":{"line":67,"column":66}},"46":{"start":{"line":68,"column":4},"end":{"line":70,"column":5}},"47":{"start":{"line":69,"column":6},"end":{"line":69,"column":69}},"48":{"start":{"line":72,"column":19},"end":{"line":72,"column":68}},"49":{"start":{"line":73,"column":4},"end":{"line":75,"column":5}},"50":{"start":{"line":74,"column":6},"end":{"line":74,"column":73}},"51":{"start":{"line":76,"column":32},"end":{"line":80,"column":6}},"52":{"start":{"line":82,"column":18},"end":{"line":82,"column":85}},"53":{"start":{"line":83,"column":4},"end":{"line":83,"column":21}},"54":{"start":{"line":87,"column":0},"end":{"line":87,"column":31}}},"fnMap":{"0":{"name":"(anonymous_8)","decl":{"start":{"line":11,"column":2},"end":{"line":11,"column":22}},"loc":{"start":{"line":11,"column":60},"end":{"line":11,"column":64}}},"1":{"name":"(anonymous_9)","decl":{"start":{"line":13,"column":20},"end":{"line":13,"column":50}},"loc":{"start":{"line":13,"column":52},"end":{"line":16,"column":4}}},"2":{"name":"(anonymous_10)","decl":{"start":{"line":13,"column":52},"end":{"line":13,"column":null}},"loc":{"start":{"line":13,"column":52},"end":{"line":16,"column":3}}},"3":{"name":"(anonymous_11)","decl":{"start":{"line":18,"column":20},"end":{"line":18,"column":27}},"loc":{"start":{"line":18,"column":67},"end":{"line":20,"column":4}}},"4":{"name":"(anonymous_12)","decl":{"start":{"line":18,"column":67},"end":{"line":18,"column":null}},"loc":{"start":{"line":18,"column":67},"end":{"line":20,"column":3}}},"5":{"name":"(anonymous_13)","decl":{"start":{"line":22,"column":19},"end":{"line":22,"column":null}},"loc":{"start":{"line":24,"column":25},"end":{"line":40,"column":4}}},"6":{"name":"(anonymous_14)","decl":{"start":{"line":24,"column":25},"end":{"line":24,"column":null}},"loc":{"start":{"line":24,"column":25},"end":{"line":40,"column":3}}},"7":{"name":"(anonymous_15)","decl":{"start":{"line":42,"column":19},"end":{"line":42,"column":null}},"loc":{"start":{"line":48,"column":25},"end":{"line":59,"column":4}}},"8":{"name":"(anonymous_16)","decl":{"start":{"line":48,"column":25},"end":{"line":48,"column":null}},"loc":{"start":{"line":48,"column":25},"end":{"line":59,"column":3}}},"9":{"name":"(anonymous_17)","decl":{"start":{"line":61,"column":19},"end":{"line":61,"column":26}},"loc":{"start":{"line":61,"column":55},"end":{"line":64,"column":4}}},"10":{"name":"(anonymous_18)","decl":{"start":{"line":61,"column":55},"end":{"line":61,"column":null}},"loc":{"start":{"line":61,"column":55},"end":{"line":64,"column":3}}},"11":{"name":"(anonymous_19)","decl":{"start":{"line":66,"column":18},"end":{"line":66,"column":25}},"loc":{"start":{"line":66,"column":57},"end":{"line":84,"column":4}}},"12":{"name":"(anonymous_20)","decl":{"start":{"line":66,"column":57},"end":{"line":66,"column":null}},"loc":{"start":{"line":66,"column":57},"end":{"line":84,"column":3}}}},"branchMap":{"0":{"loc":{"start":{"line":34,"column":27},"end":{"line":36,"column":10}},"type":"cond-expr","locations":[{"start":{"line":35,"column":8},"end":{"line":35,"column":51}},{"start":{"line":36,"column":8},"end":{"line":36,"column":10}}]},"1":{"loc":{"start":{"line":50,"column":4},"end":{"line":52,"column":5}},"type":"if","locations":[{"start":{"line":50,"column":4},"end":{"line":52,"column":5}}]},"2":{"loc":{"start":{"line":68,"column":4},"end":{"line":70,"column":5}},"type":"if","locations":[{"start":{"line":68,"column":4},"end":{"line":70,"column":5}}]},"3":{"loc":{"start":{"line":73,"column":4},"end":{"line":75,"column":5}},"type":"if","locations":[{"start":{"line":73,"column":4},"end":{"line":75,"column":5}}]}},"s":{"0":0,"1":0,"2":0,"3":0,"4":0,"5":0,"6":0,"7":0,"8":0,"9":0,"10":0,"11":0,"12":0,"13":0,"14":0,"15":0,"16":0,"17":0,"18":0,"19":0,"20":0,"21":0,"22":0,"23":0,"24":0,"25":0,"26":0,"27":0,"28":0,"29":0,"30":0,"31":0,"32":0,"33":0,"34":0,"35":0,"36":0,"37":0,"38":0,"39":0,"40":0,"41":0,"42":0,"43":0,"44":0,"45":0,"46":0,"47":0,"48":0,"49":0,"50":0,"51":0,"52":0,"53":0,"54":0},"f":{"0":0,"1":0,"2":0,"3":0,"4":0,"5":0,"6":0,"7":0,"8":0,"9":0,"10":0,"11":0,"12":0},"b":{"0":[0,0],"1":[0],"2":[0],"3":[0]}}
,"/home/niranjana/training/node-training/src/utils/constants.ts": {"path":"/home/niranjana/training/node-training/src/utils/constants.ts","statementMap":{"0":{"start":{"line":1,"column":13},"end":{"line":1,"column":43}},"1":{"start":{"line":2,"column":13},"end":{"line":2,"column":41}}},"fnMap":{},"branchMap":{},"s":{"0":0,"1":0},"f":{},"b":{}}
,"/home/niranjana/training/node-training/src/utils/fizzBuzz.ts": {"path":"/home/niranjana/training/node-training/src/utils/fizzBuzz.ts","statementMap":{"0":{"start":{"line":3,"column":6},"end":{"line":9,"column":7}},"1":{"start":{"line":4,"column":8},"end":{"line":4,"column":26}},"2":{"start":{"line":5,"column":13},"end":{"line":9,"column":7}},"3":{"start":{"line":6,"column":8},"end":{"line":6,"column":22}},"4":{"start":{"line":7,"column":13},"end":{"line":9,"column":7}},"5":{"start":{"line":8,"column":8},"end":{"line":8,"column":22}},"6":{"start":{"line":10,"column":6},"end":{"line":10,"column":17}},"7":{"start":{"line":1,"column":0},"end":{"line":1,"column":21}},"8":{"start":{"line":14,"column":17},"end":{"line":14,"column":31}},"9":{"start":{"line":15,"column":2},"end":{"line":17,"column":3}},"10":{"start":{"line":15,"column":15},"end":{"line":15,"column":16}},"11":{"start":{"line":16,"column":4},"end":{"line":16,"column":38}}},"fnMap":{"0":{"name":"(anonymous_0)","decl":{"start":{"line":2,"column":11},"end":{"line":2,"column":19}},"loc":{"start":{"line":2,"column":31},"end":{"line":11,"column":5}}}},"branchMap":{"0":{"loc":{"start":{"line":3,"column":6},"end":{"line":9,"column":7}},"type":"if","locations":[{"start":{"line":3,"column":6},"end":{"line":9,"column":7}},{"start":{"line":5,"column":13},"end":{"line":9,"column":7}}]},"1":{"loc":{"start":{"line":3,"column":10},"end":{"line":3,"column":38}},"type":"binary-expr","locations":[{"start":{"line":3,"column":10},"end":{"line":3,"column":22}},{"start":{"line":3,"column":26},"end":{"line":3,"column":38}}]},"2":{"loc":{"start":{"line":5,"column":13},"end":{"line":9,"column":7}},"type":"if","locations":[{"start":{"line":5,"column":13},"end":{"line":9,"column":7}},{"start":{"line":7,"column":13},"end":{"line":9,"column":7}}]},"3":{"loc":{"start":{"line":7,"column":13},"end":{"line":9,"column":7}},"type":"if","locations":[{"start":{"line":7,"column":13},"end":{"line":9,"column":7}}]}},"s":{"0":21,"1":2,"2":19,"3":2,"4":17,"5":5,"6":12,"7":1,"8":1,"9":1,"10":1,"11":20},"f":{"0":21},"b":{"0":[2,19],"1":[21,7],"2":[2,17],"3":[5]}}
,"/home/niranjana/training/node-training/src/utils/role.enum.ts": {"path":"/home/niranjana/training/node-training/src/utils/role.enum.ts","statementMap":{"0":{"start":{"line":1,"column":0},"end":{"line":1,"column":null}},"1":{"start":{"line":2,"column":4},"end":{"line":2,"column":null}},"2":{"start":{"line":3,"column":4},"end":{"line":3,"column":null}},"3":{"start":{"line":4,"column":4},"end":{"line":4,"column":null}},"4":{"start":{"line":5,"column":4},"end":{"line":5,"column":null}}},"fnMap":{"0":{"name":"(anonymous_0)","decl":{"start":{"line":1,"column":0},"end":{"line":1,"column":12}},"loc":{"start":{"line":1,"column":16},"end":{"line":6,"column":1}}}},"branchMap":{"0":{"loc":{"start":{"line":1,"column":12},"end":{"line":1,"column":null}},"type":"binary-expr","locations":[{"start":{"line":1,"column":12},"end":{"line":1,"column":16}},{"start":{"line":1,"column":16},"end":{"line":1,"column":null}}]}},"s":{"0":0,"1":0,"2":0,"3":0,"4":0},"f":{"0":0},"b":{"0":[0,0]}}
}
